Job started at Tue Nov 25 13:35:00 EST 2025
Mode: GLOBAL
Parameters: 30 60 30 0.12 30
Simulation count: 1
Output file: out/log/GLOBAL_20251125_133500_6679431.out
Error file: out/log/GLOBAL_20251125_133500_6679431.err
Latest log: out/log/GLOBAL_latest.log
STL dir: out/stl/
NODELIST: node1602
Running GLOBAL topo-opt on cuboid: 30x60x30, V0=0.12, iters=30

==========================Displaying Inputs==========================
Simulation: 0
..............................................Volume Fraction: 0.1200
..........................................Filter Radius: 1.7321 Cells
................................................Cell Size: 1.0000e+00
...............................................#CG Iterations:  800
...........................................Youngs Modulus: 1.0000e+00
....................................Youngs Modulus (Min.): 1.0000e-06
...........................................Poissons Ratio: 3.0000e-01
Preparing Voxel-based FEA Model Costs        0.0s
Compliance of Fully Solid Domain:     1.170262e+00
 It.:    0 Solver Time:    5s.

 It.:   1 Obj.:  6.76833740e+02 Vol.:1.2000e-01 Sharp.:4.0643e-01 Cons.:6.71e-08 Ch.:2.00e-01
 It.:    1 (Time)... Total per-It.: 4.13e+00s; CG: 4.09e+00s; Opti.: 4.01e-02s; Filtering: 2.26e-02s.
 It.:   2 Obj.:  4.02689728e+02 Vol.:1.2000e-01 Sharp.:4.0504e-01 Cons.:1.27e-07 Ch.:1.91e-01
 It.:    2 (Time)... Total per-It.: 6.71e+00s; CG: 6.67e+00s; Opti.: 3.78e-02s; Filtering: 2.03e-02s.
 It.:   3 Obj.:  2.71806976e+02 Vol.:1.2000e-01 Sharp.:3.9144e-01 Cons.:-1.49e-08 Ch.:2.00e-01
 It.:    3 (Time)... Total per-It.: 6.47e+00s; CG: 6.43e+00s; Opti.: 4.03e-02s; Filtering: 2.26e-02s.
 It.:   4 Obj.:  2.28256897e+02 Vol.:1.2000e-01 Sharp.:3.8978e-01 Cons.:4.47e-08 Ch.:1.85e-01
 It.:    4 (Time)... Total per-It.: 7.45e+00s; CG: 7.41e+00s; Opti.: 4.04e-02s; Filtering: 2.26e-02s.
 It.:   5 Obj.:  1.91225281e+02 Vol.:1.2000e-01 Sharp.:3.7484e-01 Cons.:-5.22e-08 Ch.:2.00e-01
 It.:    5 (Time)... Total per-It.: 7.02e+00s; CG: 6.98e+00s; Opti.: 4.05e-02s; Filtering: 2.25e-02s.
 It.:   6 Obj.:  1.60585449e+02 Vol.:1.2000e-01 Sharp.:3.7100e-01 Cons.:-5.22e-08 Ch.:2.00e-01
 It.:    6 (Time)... Total per-It.: 7.52e+00s; CG: 7.48e+00s; Opti.: 4.07e-02s; Filtering: 2.26e-02s.
 It.:   7 Obj.:  1.30806076e+02 Vol.:1.2000e-01 Sharp.:3.5336e-01 Cons.:-2.24e-08 Ch.:2.00e-01
 It.:    7 (Time)... Total per-It.: 7.99e+00s; CG: 7.95e+00s; Opti.: 4.18e-02s; Filtering: 2.25e-02s.
 It.:   8 Obj.:  1.01092339e+02 Vol.:1.2000e-01 Sharp.:3.3632e-01 Cons.:7.45e-08 Ch.:2.00e-01
 It.:    8 (Time)... Total per-It.: 8.37e+00s; CG: 8.34e+00s; Opti.: 3.88e-02s; Filtering: 2.03e-02s.
 It.:   9 Obj.:  7.17880783e+01 Vol.:1.2000e-01 Sharp.:3.0624e-01 Cons.:5.96e-08 Ch.:2.00e-01
 It.:    9 (Time)... Total per-It.: 8.38e+00s; CG: 8.34e+00s; Opti.: 3.90e-02s; Filtering: 2.03e-02s.
 It.:  10 Obj.:  4.88962135e+01 Vol.:1.2000e-01 Sharp.:2.7265e-01 Cons.:-5.22e-08 Ch.:2.00e-01
 It.:   10 (Time)... Total per-It.: 8.38e+00s; CG: 8.34e+00s; Opti.: 3.92e-02s; Filtering: 2.03e-02s.
 It.:  11 Obj.:  3.33592033e+01 Vol.:1.2000e-01 Sharp.:2.3553e-01 Cons.:-5.96e-08 Ch.:2.00e-01
 It.:   11 (Time)... Total per-It.: 8.38e+00s; CG: 8.34e+00s; Opti.: 3.96e-02s; Filtering: 2.03e-02s.
 It.:  12 Obj.:  2.42329350e+01 Vol.:1.2000e-01 Sharp.:2.0451e-01 Cons.:1.49e-08 Ch.:2.00e-01
 It.:   12 (Time)... Total per-It.: 8.38e+00s; CG: 8.34e+00s; Opti.: 3.98e-02s; Filtering: 2.03e-02s.
 It.:  13 Obj.:  1.91535168e+01 Vol.:1.2000e-01 Sharp.:1.7882e-01 Cons.:4.47e-08 Ch.:2.00e-01
 It.:   13 (Time)... Total per-It.: 8.38e+00s; CG: 8.34e+00s; Opti.: 4.01e-02s; Filtering: 2.04e-02s.
 It.:  14 Obj.:  1.64129505e+01 Vol.:1.2000e-01 Sharp.:1.6276e-01 Cons.:2.98e-08 Ch.:2.00e-01
 It.:   14 (Time)... Total per-It.: 8.38e+00s; CG: 8.34e+00s; Opti.: 4.03e-02s; Filtering: 2.04e-02s.
 It.:  15 Obj.:  1.48773098e+01 Vol.:1.2000e-01 Sharp.:1.5096e-01 Cons.:0.00e+00 Ch.:2.00e-01
 It.:   15 (Time)... Total per-It.: 8.38e+00s; CG: 8.34e+00s; Opti.: 4.01e-02s; Filtering: 2.03e-02s.
 It.:  16 Obj.:  1.40029974e+01 Vol.:1.2000e-01 Sharp.:1.4335e-01 Cons.:2.98e-08 Ch.:1.77e-01
 It.:   16 (Time)... Total per-It.: 8.38e+00s; CG: 8.34e+00s; Opti.: 3.80e-02s; Filtering: 1.82e-02s.
 It.:  17 Obj.:  1.34379797e+01 Vol.:1.2000e-01 Sharp.:1.3834e-01 Cons.:4.47e-08 Ch.:1.44e-01
 It.:   17 (Time)... Total per-It.: 8.38e+00s; CG: 8.34e+00s; Opti.: 3.77e-02s; Filtering: 1.79e-02s.
 It.:  18 Obj.:  1.31397896e+01 Vol.:1.2000e-01 Sharp.:1.3513e-01 Cons.:2.24e-08 Ch.:1.21e-01
 It.:   18 (Time)... Total per-It.: 8.38e+00s; CG: 8.34e+00s; Opti.: 3.77e-02s; Filtering: 1.79e-02s.
 It.:  19 Obj.:  1.29343548e+01 Vol.:1.2000e-01 Sharp.:1.3262e-01 Cons.:-2.24e-08 Ch.:1.21e-01
 It.:   19 (Time)... Total per-It.: 8.38e+00s; CG: 8.34e+00s; Opti.: 3.77e-02s; Filtering: 1.79e-02s.
 It.:  20 Obj.:  1.27776394e+01 Vol.:1.2000e-01 Sharp.:1.3038e-01 Cons.:4.47e-08 Ch.:1.06e-01
 It.:   20 (Time)... Total per-It.: 8.19e+00s; CG: 8.15e+00s; Opti.: 3.77e-02s; Filtering: 1.79e-02s.
 It.:  21 Obj.:  1.26351376e+01 Vol.:1.2000e-01 Sharp.:1.2878e-01 Cons.:-2.98e-08 Ch.:8.51e-02
 It.:   21 (Time)... Total per-It.: 8.37e+00s; CG: 8.34e+00s; Opti.: 3.55e-02s; Filtering: 1.57e-02s.
 It.:  22 Obj.:  1.25303726e+01 Vol.:1.2000e-01 Sharp.:1.2828e-01 Cons.:-5.22e-08 Ch.:7.38e-02
 It.:   22 (Time)... Total per-It.: 8.37e+00s; CG: 8.34e+00s; Opti.: 3.54e-02s; Filtering: 1.57e-02s.
 It.:  23 Obj.:  1.24839783e+01 Vol.:1.2000e-01 Sharp.:1.2826e-01 Cons.:6.71e-08 Ch.:6.60e-02
 It.:   23 (Time)... Total per-It.: 8.37e+00s; CG: 8.34e+00s; Opti.: 3.53e-02s; Filtering: 1.57e-02s.
 It.:  24 Obj.:  1.24647598e+01 Vol.:1.2000e-01 Sharp.:1.2826e-01 Cons.:3.73e-08 Ch.:5.75e-02
 It.:   24 (Time)... Total per-It.: 8.38e+00s; CG: 8.34e+00s; Opti.: 3.54e-02s; Filtering: 1.57e-02s.
 It.:  25 Obj.:  1.24548159e+01 Vol.:1.2000e-01 Sharp.:1.2829e-01 Cons.:0.00e+00 Ch.:4.83e-02
 It.:   25 (Time)... Total per-It.: 6.25e+00s; CG: 6.22e+00s; Opti.: 3.53e-02s; Filtering: 1.57e-02s.
 It.:  26 Obj.:  1.24343424e+01 Vol.:1.2000e-01 Sharp.:1.2832e-01 Cons.:4.47e-08 Ch.:4.19e-02
 It.:   26 (Time)... Total per-It.: 5.97e+00s; CG: 5.94e+00s; Opti.: 3.53e-02s; Filtering: 1.57e-02s.
 It.:  27 Obj.:  1.24218378e+01 Vol.:1.2000e-01 Sharp.:1.2834e-01 Cons.:-2.98e-08 Ch.:4.07e-02
 It.:   27 (Time)... Total per-It.: 6.04e+00s; CG: 6.01e+00s; Opti.: 3.54e-02s; Filtering: 1.57e-02s.
 It.:  28 Obj.:  1.24109545e+01 Vol.:1.2000e-01 Sharp.:1.2837e-01 Cons.:-2.98e-08 Ch.:3.86e-02
 It.:   28 (Time)... Total per-It.: 5.98e+00s; CG: 5.94e+00s; Opti.: 3.53e-02s; Filtering: 1.57e-02s.
 It.:  29 Obj.:  1.23999910e+01 Vol.:1.2000e-01 Sharp.:1.2839e-01 Cons.:0.00e+00 Ch.:3.58e-02
 It.:   29 (Time)... Total per-It.: 5.89e+00s; CG: 5.85e+00s; Opti.: 3.54e-02s; Filtering: 1.57e-02s.
 It.:  30 Obj.:  1.23959074e+01 Vol.:1.2000e-01 Sharp.:1.2843e-01 Cons.:-7.45e-09 Ch.:3.29e-02
 It.:   30 (Time)... Total per-It.: 3.89e+00s; CG: 3.85e+00s; Opti.: 3.51e-02s; Filtering: 1.57e-02s.

..........Performing Topology Optimization Costs (in total): 2.2813e+02s.

PARAMETERS
original dims: x=60, y=30, z=30
padded dims: x=64, y=32, z=32
v0: 0.12

SOLVING
iterations: 30
cg iterations: 800

RESULTS
compliance solid: 1.170262e+00
objective first: 6.768337e+02
objective last: 1.239591e+01

TIME
total solver time: 2.223998e+02
time per iter: 7.4516
percentage time spent on cg: 99.49%
percentage time spent on optim: 0.51%
percentage time spent on filtering: 0.25%

STL file saved to: /orcd/home/002/nhirt/AlgorithmEngineering_AltProject/out/stl/GLOBAL_20251125_133849_6679431.stl

Done.

............Total runtime time for 1 simulations2.2814e+02s.
Job completed at Tue Nov 25 13:38:49 EST 2025
