Job started at Thu Nov 20 14:41:02 EST 2025
Mode: GLOBAL
Parameters: 12 24 12 0.12 30
Output file: out/log/GLOBAL_20251120_144102_6556154.out
Error file: out/log/GLOBAL_20251120_144102_6556154.err
Latest log: out/log/GLOBAL_latest.log
STL dir: out/stl/
NODELIST: node1615
Running GLOBAL topo-opt on cuboid: 12x24x12, V0=0.12, iters=30

==========================Displaying Inputs==========================
..............................................Volume Fraction: 0.1200
..........................................Filter Radius: 1.7321 Cells
................................................Cell Size: 1.0000e+00
...............................................#CG Iterations:  800
...........................................Youngs Modulus: 1.0000e+00
....................................Youngs Modulus (Min.): 1.0000e-06
...........................................Poissons Ratio: 3.0000e-01
Preparing Voxel-based FEA Model Costs        0.0s
Compliance of Fully Solid Domain:     1.920166e+00
 It.:    0 Solver Time:    2s.

 It.:   1 Obj.:  1.11060802e+03 Vol.:1.2000e-01 Sharp.:4.0955e-01 Cons.:-2.91e-08 Ch.:1.90e-01
 It.:    1 (Time)... Total per-It.: 2.21e+00s; CG: 2.18e+00s; Opti.: 2.61e-02s; Filtering: 1.37e-02s.
 It.:   2 Obj.:  7.00265401e+02 Vol.:1.2000e-01 Sharp.:4.1157e-01 Cons.:-3.20e-08 Ch.:1.12e-01
 It.:    2 (Time)... Total per-It.: 2.35e+00s; CG: 2.33e+00s; Opti.: 2.61e-02s; Filtering: 1.37e-02s.
 It.:   3 Obj.:  5.09109244e+02 Vol.:1.2000e-01 Sharp.:4.0064e-01 Cons.:-3.90e-09 Ch.:2.00e-01
 It.:    3 (Time)... Total per-It.: 2.35e+00s; CG: 2.33e+00s; Opti.: 2.50e-02s; Filtering: 1.25e-02s.
 It.:   4 Obj.:  4.55643209e+02 Vol.:1.2000e-01 Sharp.:4.0450e-01 Cons.:-3.25e-08 Ch.:1.14e-01
 It.:    4 (Time)... Total per-It.: 2.17e+00s; CG: 2.15e+00s; Opti.: 2.50e-02s; Filtering: 1.25e-02s.
 It.:   5 Obj.:  4.11522695e+02 Vol.:1.2000e-01 Sharp.:3.9531e-01 Cons.:4.97e-08 Ch.:2.00e-01
 It.:    5 (Time)... Total per-It.: 2.45e+00s; CG: 2.42e+00s; Opti.: 2.51e-02s; Filtering: 1.25e-02s.
 It.:   6 Obj.:  3.80469551e+02 Vol.:1.2000e-01 Sharp.:3.9792e-01 Cons.:-2.21e-08 Ch.:1.37e-01
 It.:    6 (Time)... Total per-It.: 2.15e+00s; CG: 2.12e+00s; Opti.: 2.52e-02s; Filtering: 1.26e-02s.
 It.:   7 Obj.:  3.43783027e+02 Vol.:1.2000e-01 Sharp.:3.8724e-01 Cons.:2.97e-08 Ch.:2.00e-01
 It.:    7 (Time)... Total per-It.: 2.60e+00s; CG: 2.58e+00s; Opti.: 2.53e-02s; Filtering: 1.25e-02s.
 It.:   8 Obj.:  3.03063119e+02 Vol.:1.2000e-01 Sharp.:3.8440e-01 Cons.:4.66e-08 Ch.:1.31e-01
 It.:    8 (Time)... Total per-It.: 2.84e+00s; CG: 2.81e+00s; Opti.: 2.51e-02s; Filtering: 1.25e-02s.
 It.:   9 Obj.:  2.49714978e+02 Vol.:1.2000e-01 Sharp.:3.6815e-01 Cons.:2.36e-08 Ch.:2.00e-01
 It.:    9 (Time)... Total per-It.: 3.41e+00s; CG: 3.38e+00s; Opti.: 2.51e-02s; Filtering: 1.25e-02s.
 It.:  10 Obj.:  2.03446634e+02 Vol.:1.2000e-01 Sharp.:3.6036e-01 Cons.:-6.88e-08 Ch.:1.30e-01
 It.:   10 (Time)... Total per-It.: 3.37e+00s; CG: 3.35e+00s; Opti.: 2.52e-02s; Filtering: 1.25e-02s.
 It.:  11 Obj.:  1.56921468e+02 Vol.:1.2000e-01 Sharp.:3.4069e-01 Cons.:-7.53e-08 Ch.:2.00e-01
 It.:   11 (Time)... Total per-It.: 4.16e+00s; CG: 4.13e+00s; Opti.: 2.52e-02s; Filtering: 1.25e-02s.
 It.:  12 Obj.:  1.27575449e+02 Vol.:1.2000e-01 Sharp.:3.3246e-01 Cons.:7.84e-08 Ch.:1.29e-01
 It.:   12 (Time)... Total per-It.: 4.85e+00s; CG: 4.83e+00s; Opti.: 2.53e-02s; Filtering: 1.25e-02s.
 It.:  13 Obj.:  1.03363803e+02 Vol.:1.2000e-01 Sharp.:3.1615e-01 Cons.:-4.12e-08 Ch.:1.91e-01
 It.:   13 (Time)... Total per-It.: 3.78e+00s; CG: 3.76e+00s; Opti.: 2.54e-02s; Filtering: 1.25e-02s.
 It.:  14 Obj.:  9.04799744e+01 Vol.:1.2000e-01 Sharp.:3.1172e-01 Cons.:-5.88e-08 Ch.:1.14e-01
 It.:   14 (Time)... Total per-It.: 4.81e+00s; CG: 4.78e+00s; Opti.: 2.54e-02s; Filtering: 1.25e-02s.
 It.:  15 Obj.:  8.07560339e+01 Vol.:1.2000e-01 Sharp.:3.0045e-01 Cons.:-1.31e-08 Ch.:1.43e-01
 It.:   15 (Time)... Total per-It.: 3.90e+00s; CG: 3.88e+00s; Opti.: 2.54e-02s; Filtering: 1.25e-02s.
 It.:  16 Obj.:  7.48374551e+01 Vol.:1.2000e-01 Sharp.:2.9793e-01 Cons.:3.01e-08 Ch.:9.30e-02
 It.:   16 (Time)... Total per-It.: 4.16e+00s; CG: 4.13e+00s; Opti.: 2.55e-02s; Filtering: 1.25e-02s.
 It.:  17 Obj.:  6.98793717e+01 Vol.:1.2000e-01 Sharp.:2.8998e-01 Cons.:-8.16e-08 Ch.:1.05e-01
 It.:   17 (Time)... Total per-It.: 3.18e+00s; CG: 3.15e+00s; Opti.: 2.54e-02s; Filtering: 1.25e-02s.
 It.:  18 Obj.:  6.65383312e+01 Vol.:1.2000e-01 Sharp.:2.8824e-01 Cons.:-5.74e-08 Ch.:7.58e-02
 It.:   18 (Time)... Total per-It.: 3.62e+00s; CG: 3.60e+00s; Opti.: 2.54e-02s; Filtering: 1.25e-02s.
 It.:  19 Obj.:  6.35829229e+01 Vol.:1.2000e-01 Sharp.:2.8276e-01 Cons.:-3.00e-08 Ch.:8.54e-02
 It.:   19 (Time)... Total per-It.: 3.16e+00s; CG: 3.13e+00s; Opti.: 2.54e-02s; Filtering: 1.25e-02s.
 It.:  20 Obj.:  6.15662815e+01 Vol.:1.2000e-01 Sharp.:2.8151e-01 Cons.:2.11e-08 Ch.:5.63e-02
 It.:   20 (Time)... Total per-It.: 3.53e+00s; CG: 3.50e+00s; Opti.: 2.54e-02s; Filtering: 1.25e-02s.
 It.:  21 Obj.:  5.97176107e+01 Vol.:1.2000e-01 Sharp.:2.7755e-01 Cons.:-4.05e-08 Ch.:6.83e-02
 It.:   21 (Time)... Total per-It.: 3.19e+00s; CG: 3.17e+00s; Opti.: 2.55e-02s; Filtering: 1.25e-02s.
 It.:  22 Obj.:  5.84177648e+01 Vol.:1.2000e-01 Sharp.:2.7657e-01 Cons.:-3.56e-08 Ch.:4.06e-02
 It.:   22 (Time)... Total per-It.: 3.43e+00s; CG: 3.40e+00s; Opti.: 2.40e-02s; Filtering: 1.10e-02s.
 It.:  23 Obj.:  5.71712203e+01 Vol.:1.2000e-01 Sharp.:2.7357e-01 Cons.:3.55e-08 Ch.:5.45e-02
 It.:   23 (Time)... Total per-It.: 3.10e+00s; CG: 3.08e+00s; Opti.: 2.40e-02s; Filtering: 1.10e-02s.
 It.:  24 Obj.:  5.62670305e+01 Vol.:1.2000e-01 Sharp.:2.7276e-01 Cons.:5.76e-08 Ch.:3.29e-02
 It.:   24 (Time)... Total per-It.: 2.97e+00s; CG: 2.95e+00s; Opti.: 2.40e-02s; Filtering: 1.10e-02s.
 It.:  25 Obj.:  5.53649434e+01 Vol.:1.2000e-01 Sharp.:2.7046e-01 Cons.:-5.05e-08 Ch.:4.36e-02
 It.:   25 (Time)... Total per-It.: 3.07e+00s; CG: 3.04e+00s; Opti.: 2.41e-02s; Filtering: 1.10e-02s.
 It.:  26 Obj.:  5.47127942e+01 Vol.:1.2000e-01 Sharp.:2.6978e-01 Cons.:-6.77e-09 Ch.:2.65e-02
 It.:   26 (Time)... Total per-It.: 2.67e+00s; CG: 2.65e+00s; Opti.: 2.41e-02s; Filtering: 1.10e-02s.
 It.:  27 Obj.:  5.40416486e+01 Vol.:1.2000e-01 Sharp.:2.6807e-01 Cons.:4.32e-08 Ch.:3.44e-02
 It.:   27 (Time)... Total per-It.: 3.00e+00s; CG: 2.98e+00s; Opti.: 2.40e-02s; Filtering: 1.10e-02s.
 It.:  28 Obj.:  5.35719259e+01 Vol.:1.2000e-01 Sharp.:2.6756e-01 Cons.:-5.16e-08 Ch.:2.08e-02
 It.:   28 (Time)... Total per-It.: 2.61e+00s; CG: 2.59e+00s; Opti.: 2.41e-02s; Filtering: 1.10e-02s.
 It.:  29 Obj.:  5.30996154e+01 Vol.:1.2000e-01 Sharp.:2.6632e-01 Cons.:-2.28e-08 Ch.:2.55e-02
 It.:   29 (Time)... Total per-It.: 2.20e+00s; CG: 2.18e+00s; Opti.: 2.40e-02s; Filtering: 1.10e-02s.
 It.:  30 Obj.:  5.27623214e+01 Vol.:1.2000e-01 Sharp.:2.6597e-01 Cons.:-5.62e-08 Ch.:1.60e-02
 It.:   30 (Time)... Total per-It.: 2.62e+00s; CG: 2.60e+00s; Opti.: 2.40e-02s; Filtering: 1.10e-02s.

..........Performing Topology Optimization Costs (in total): 9.6132e+01s.
STL file saved to: /orcd/home/002/lucas_b/AlgorithmEngineering_AltProject/out/stl/GLOBAL_20251120_144239_6556154.stl

Done.
Job completed at Thu Nov 20 14:42:39 EST 2025
