Job started at Wed Nov  5 13:51:20 EST 2025
Mode: GLOBAL
Parameters: 12 24 12 0.12 30
Output file: out/log/GLOBAL_20251105_135120_5913778.out
Error file: out/log/GLOBAL_20251105_135120_5913778.err
Latest log: out/log/GLOBAL_latest.log
STL dir: out/stl/
Running GLOBAL topo-opt on cuboid: 12x24x12, V0=0.12, iters=30

==========================Displaying Inputs==========================
..............................................Volume Fraction: 0.1200
..........................................Filter Radius: 1.7321 Cells
................................................Cell Size: 1.0000e+00
...............................................#CG Iterations:  800
...........................................Youngs Modulus: 1.0000e+00
....................................Youngs Modulus (Min.): 1.0000e-06
...........................................Poissons Ratio: 3.0000e-01
Preparing Voxel-based FEA Model Costs        0.0s
Compliance of Fully Solid Domain:     3.283464e+00
 It.:    0 Solver Time:    2s.

 It.:   1 Obj.:  1.89905588e+03 Vol.:1.2000e-01 Sharp.:4.0955e-01 Cons.:6.40e-08 Ch.:1.90e-01
 It.:    1 (Time)... Total per-It.: 1.71e+00s; CG: 1.69e+00s; Opti.: 2.88e-02s; Filtering: 1.52e-02s.
 It.:   2 Obj.:  1.19728379e+03 Vol.:1.2000e-01 Sharp.:4.1157e-01 Cons.:-2.48e-08 Ch.:1.12e-01
 It.:    2 (Time)... Total per-It.: 1.96e+00s; CG: 1.94e+00s; Opti.: 2.75e-02s; Filtering: 1.40e-02s.
 It.:   3 Obj.:  8.70695543e+02 Vol.:1.2000e-01 Sharp.:4.0064e-01 Cons.:-2.39e-08 Ch.:2.00e-01
 It.:    3 (Time)... Total per-It.: 2.41e+00s; CG: 2.38e+00s; Opti.: 2.76e-02s; Filtering: 1.40e-02s.
 It.:   4 Obj.:  7.79152333e+02 Vol.:1.2000e-01 Sharp.:4.0450e-01 Cons.:-5.02e-08 Ch.:1.14e-01
 It.:    4 (Time)... Total per-It.: 1.94e+00s; CG: 1.91e+00s; Opti.: 2.77e-02s; Filtering: 1.40e-02s.
 It.:   5 Obj.:  7.03619894e+02 Vol.:1.2000e-01 Sharp.:3.9532e-01 Cons.:2.02e-08 Ch.:2.00e-01
 It.:    5 (Time)... Total per-It.: 2.57e+00s; CG: 2.54e+00s; Opti.: 2.76e-02s; Filtering: 1.39e-02s.
 It.:   6 Obj.:  6.51049937e+02 Vol.:1.2000e-01 Sharp.:3.9791e-01 Cons.:-3.68e-08 Ch.:1.37e-01
 It.:    6 (Time)... Total per-It.: 1.99e+00s; CG: 1.96e+00s; Opti.: 2.77e-02s; Filtering: 1.40e-02s.
 It.:   7 Obj.:  5.87974840e+02 Vol.:1.2000e-01 Sharp.:3.8724e-01 Cons.:1.03e-07 Ch.:2.00e-01
 It.:    7 (Time)... Total per-It.: 2.03e+00s; CG: 2.00e+00s; Opti.: 2.77e-02s; Filtering: 1.40e-02s.
 It.:   8 Obj.:  5.17870327e+02 Vol.:1.2000e-01 Sharp.:3.8439e-01 Cons.:-3.94e-09 Ch.:1.31e-01
 It.:    8 (Time)... Total per-It.: 1.99e+00s; CG: 1.96e+00s; Opti.: 2.77e-02s; Filtering: 1.40e-02s.
 It.:   9 Obj.:  4.26992433e+02 Vol.:1.2000e-01 Sharp.:3.6814e-01 Cons.:3.92e-08 Ch.:2.00e-01
 It.:    9 (Time)... Total per-It.: 2.51e+00s; CG: 2.48e+00s; Opti.: 2.78e-02s; Filtering: 1.39e-02s.
 It.:  10 Obj.:  3.47754809e+02 Vol.:1.2000e-01 Sharp.:3.6034e-01 Cons.:-6.90e-08 Ch.:1.31e-01
 It.:   10 (Time)... Total per-It.: 2.66e+00s; CG: 2.63e+00s; Opti.: 2.78e-02s; Filtering: 1.40e-02s.
 It.:  11 Obj.:  2.68255446e+02 Vol.:1.2000e-01 Sharp.:3.4066e-01 Cons.:3.56e-08 Ch.:2.00e-01
 It.:   11 (Time)... Total per-It.: 2.83e+00s; CG: 2.80e+00s; Opti.: 2.78e-02s; Filtering: 1.39e-02s.
 It.:  12 Obj.:  2.18132743e+02 Vol.:1.2000e-01 Sharp.:3.3241e-01 Cons.:-4.98e-09 Ch.:1.29e-01
 It.:   12 (Time)... Total per-It.: 3.26e+00s; CG: 3.24e+00s; Opti.: 2.80e-02s; Filtering: 1.40e-02s.
 It.:  13 Obj.:  1.76693396e+02 Vol.:1.2000e-01 Sharp.:3.1609e-01 Cons.:-6.37e-08 Ch.:1.91e-01
 It.:   13 (Time)... Total per-It.: 3.83e+00s; CG: 3.80e+00s; Opti.: 2.80e-02s; Filtering: 1.40e-02s.
 It.:  14 Obj.:  1.54670007e+02 Vol.:1.2000e-01 Sharp.:3.1165e-01 Cons.:-6.24e-08 Ch.:1.13e-01
 It.:   14 (Time)... Total per-It.: 3.59e+00s; CG: 3.56e+00s; Opti.: 2.79e-02s; Filtering: 1.40e-02s.
 It.:  15 Obj.:  1.37994273e+02 Vol.:1.2000e-01 Sharp.:3.0035e-01 Cons.:5.63e-08 Ch.:1.43e-01
 It.:   15 (Time)... Total per-It.: 3.94e+00s; CG: 3.91e+00s; Opti.: 2.80e-02s; Filtering: 1.40e-02s.
 It.:  16 Obj.:  1.27878999e+02 Vol.:1.2000e-01 Sharp.:2.9781e-01 Cons.:-1.28e-08 Ch.:9.31e-02
 It.:   16 (Time)... Total per-It.: 3.91e+00s; CG: 3.88e+00s; Opti.: 2.80e-02s; Filtering: 1.40e-02s.
 It.:  17 Obj.:  1.19352653e+02 Vol.:1.2000e-01 Sharp.:2.8985e-01 Cons.:-1.62e-08 Ch.:1.05e-01
 It.:   17 (Time)... Total per-It.: 3.33e+00s; CG: 3.31e+00s; Opti.: 2.69e-02s; Filtering: 1.27e-02s.
 It.:  18 Obj.:  1.13664381e+02 Vol.:1.2000e-01 Sharp.:2.8807e-01 Cons.:5.93e-08 Ch.:7.57e-02
 It.:   18 (Time)... Total per-It.: 3.99e+00s; CG: 3.96e+00s; Opti.: 2.68e-02s; Filtering: 1.27e-02s.
 It.:  19 Obj.:  1.08594573e+02 Vol.:1.2000e-01 Sharp.:2.8258e-01 Cons.:-5.35e-08 Ch.:8.50e-02
 It.:   19 (Time)... Total per-It.: 4.06e+00s; CG: 4.03e+00s; Opti.: 2.69e-02s; Filtering: 1.28e-02s.
 It.:  20 Obj.:  1.05138630e+02 Vol.:1.2000e-01 Sharp.:2.8129e-01 Cons.:-1.22e-09 Ch.:5.62e-02
 It.:   20 (Time)... Total per-It.: 4.10e+00s; CG: 4.08e+00s; Opti.: 2.67e-02s; Filtering: 1.27e-02s.
 It.:  21 Obj.:  1.01954720e+02 Vol.:1.2000e-01 Sharp.:2.7731e-01 Cons.:-3.27e-08 Ch.:6.80e-02
 It.:   21 (Time)... Total per-It.: 4.25e+00s; CG: 4.22e+00s; Opti.: 2.68e-02s; Filtering: 1.28e-02s.
 It.:  22 Obj.:  9.97270668e+01 Vol.:1.2000e-01 Sharp.:2.7630e-01 Cons.:-1.71e-09 Ch.:4.06e-02
 It.:   22 (Time)... Total per-It.: 4.29e+00s; CG: 4.27e+00s; Opti.: 2.69e-02s; Filtering: 1.28e-02s.
 It.:  23 Obj.:  9.75742684e+01 Vol.:1.2000e-01 Sharp.:2.7328e-01 Cons.:-6.03e-08 Ch.:5.43e-02
 It.:   23 (Time)... Total per-It.: 4.37e+00s; CG: 4.35e+00s; Opti.: 2.68e-02s; Filtering: 1.27e-02s.
 It.:  24 Obj.:  9.60242765e+01 Vol.:1.2000e-01 Sharp.:2.7244e-01 Cons.:1.19e-08 Ch.:3.28e-02
 It.:   24 (Time)... Total per-It.: 4.51e+00s; CG: 4.48e+00s; Opti.: 2.68e-02s; Filtering: 1.27e-02s.
 It.:  25 Obj.:  9.44680438e+01 Vol.:1.2000e-01 Sharp.:2.7013e-01 Cons.:-5.95e-08 Ch.:4.36e-02
 It.:   25 (Time)... Total per-It.: 4.55e+00s; CG: 4.53e+00s; Opti.: 2.68e-02s; Filtering: 1.27e-02s.
 It.:  26 Obj.:  9.33467532e+01 Vol.:1.2000e-01 Sharp.:2.6942e-01 Cons.:-5.40e-08 Ch.:2.64e-02
 It.:   26 (Time)... Total per-It.: 4.60e+00s; CG: 4.57e+00s; Opti.: 2.69e-02s; Filtering: 1.28e-02s.
 It.:  27 Obj.:  9.21940514e+01 Vol.:1.2000e-01 Sharp.:2.6771e-01 Cons.:-3.40e-08 Ch.:3.43e-02
 It.:   27 (Time)... Total per-It.: 4.66e+00s; CG: 4.63e+00s; Opti.: 2.68e-02s; Filtering: 1.27e-02s.
 It.:  28 Obj.:  9.13862311e+01 Vol.:1.2000e-01 Sharp.:2.6718e-01 Cons.:7.62e-09 Ch.:2.06e-02
 It.:   28 (Time)... Total per-It.: 4.66e+00s; CG: 4.63e+00s; Opti.: 2.68e-02s; Filtering: 1.27e-02s.
 It.:  29 Obj.:  9.05659976e+01 Vol.:1.2000e-01 Sharp.:2.6593e-01 Cons.:-5.25e-08 Ch.:2.55e-02
 It.:   29 (Time)... Total per-It.: 4.80e+00s; CG: 4.77e+00s; Opti.: 2.68e-02s; Filtering: 1.27e-02s.
 It.:  30 Obj.:  8.99921152e+01 Vol.:1.2000e-01 Sharp.:2.6558e-01 Cons.:-1.40e-08 Ch.:1.59e-02
 It.:   30 (Time)... Total per-It.: 4.79e+00s; CG: 4.76e+00s; Opti.: 2.68e-02s; Filtering: 1.27e-02s.

..........Performing Topology Optimization Costs (in total): 1.0579e+02s.
STL file saved to: /orcd/home/002/nhirt/AlgorithmEngineering_AltProject/out/stl/GLOBAL_20251105_135306_5913778.stl

Done.
Job completed at Wed Nov  5 13:53:06 EST 2025
