NOTES
- first version that looks similar tot the

Job started at Tue Nov  4 21:45:51 EST 2025
Mode: GLOBAL
Parameters: 50 100 50 0.12 50
Output file: out/log/GLOBAL_20251104_214551_5895990.out
Error file: out/log/GLOBAL_20251104_214551_5895990.err
Latest log: out/log/GLOBAL_latest.log (use 'tail -f out/log/GLOBAL_latest.log' to monitor)
STL files will be saved to: out/stl/

Running GLOBAL topo-opt on cuboid: 50x100x50, V0=0.12, iters=50

==========================Displaying Inputs==========================
..............................................Volume Fraction: 0.1200
..........................................Filter Radius: 1.7321 Cells
................................................Cell Size: 1.0000e+00
...............................................#CG Iterations:  800
...........................................Youngs Modulus: 1.0000e+00
....................................Youngs Modulus (Min.): 1.0000e-06
...........................................Poissons Ratio: 3.0000e-01
Preparing Voxel-based FEA Model Costs        0.1s
Compliance of Fully Solid Domain:     8.003953e-01
 It.:    0 Solver Time:  304s.

 It.:   1 Obj.:  4.62924269e+02 Vol.:1.2000e-01 Sharp.:4.0568e-01 Cons.:-4.70e-08 Ch.:2.00e-01
 It.:    1 (Time)... Total per-It.: 3.05e+02s; CG: 3.03e+02s; Opti.: 1.69e+00s; Filtering: 7.44e-01s.
 It.:   2 Obj.:  2.73888055e+02 Vol.:1.2000e-01 Sharp.:4.0310e-01 Cons.:-7.39e-08 Ch.:2.00e-01
 It.:    2 (Time)... Total per-It.: 4.47e+02s; CG: 4.45e+02s; Opti.: 1.69e+00s; Filtering: 7.37e-01s.
 It.:   3 Obj.:  1.82156327e+02 Vol.:1.2000e-01 Sharp.:3.8994e-01 Cons.:-5.45e-08 Ch.:2.00e-01
 It.:    3 (Time)... Total per-It.: 5.20e+02s; CG: 5.18e+02s; Opti.: 1.68e+00s; Filtering: 7.32e-01s.
 It.:   4 Obj.:  1.47020020e+02 Vol.:1.2000e-01 Sharp.:3.8418e-01 Cons.:-2.92e-08 Ch.:2.00e-01
 It.:    4 (Time)... Total per-It.: 5.21e+02s; CG: 5.19e+02s; Opti.: 1.70e+00s; Filtering: 7.39e-01s.
 It.:   5 Obj.:  1.20018758e+02 Vol.:1.2000e-01 Sharp.:3.6943e-01 Cons.:5.07e-08 Ch.:2.00e-01
 It.:    5 (Time)... Total per-It.: 5.20e+02s; CG: 5.18e+02s; Opti.: 1.69e+00s; Filtering: 7.32e-01s.
 It.:   6 Obj.:  9.58592292e+01 Vol.:1.2000e-01 Sharp.:3.6031e-01 Cons.:-1.33e-08 Ch.:2.00e-01
 It.:    6 (Time)... Total per-It.: 5.18e+02s; CG: 5.17e+02s; Opti.: 1.69e+00s; Filtering: 7.28e-01s.
 It.:   7 Obj.:  7.41588897e+01 Vol.:1.2000e-01 Sharp.:3.4074e-01 Cons.:-5.62e-08 Ch.:2.00e-01
 It.:    7 (Time)... Total per-It.: 5.18e+02s; CG: 5.16e+02s; Opti.: 1.69e+00s; Filtering: 7.24e-01s.
 It.:   8 Obj.:  5.32710440e+01 Vol.:1.2000e-01 Sharp.:3.1407e-01 Cons.:6.24e-08 Ch.:2.00e-01
 It.:    8 (Time)... Total per-It.: 5.18e+02s; CG: 5.16e+02s; Opti.: 1.70e+00s; Filtering: 7.29e-01s.
 It.:   9 Obj.:  3.44928153e+01 Vol.:1.2000e-01 Sharp.:2.7286e-01 Cons.:1.38e-08 Ch.:2.00e-01
 It.:    9 (Time)... Total per-It.: 5.18e+02s; CG: 5.16e+02s; Opti.: 1.70e+00s; Filtering: 7.24e-01s.
 It.:  10 Obj.:  2.23795013e+01 Vol.:1.2000e-01 Sharp.:2.3090e-01 Cons.:1.20e-08 Ch.:2.00e-01
 It.:   10 (Time)... Total per-It.: 5.17e+02s; CG: 5.15e+02s; Opti.: 1.63e+00s; Filtering: 6.41e-01s.
 It.:  11 Obj.:  1.55475033e+01 Vol.:1.2000e-01 Sharp.:1.8479e-01 Cons.:4.76e-08 Ch.:2.00e-01
 It.:   11 (Time)... Total per-It.: 5.16e+02s; CG: 5.15e+02s; Opti.: 1.63e+00s; Filtering: 6.39e-01s.
 It.:  12 Obj.:  1.18904596e+01 Vol.:1.2000e-01 Sharp.:1.5412e-01 Cons.:4.66e-09 Ch.:2.00e-01
 It.:   12 (Time)... Total per-It.: 5.17e+02s; CG: 5.16e+02s; Opti.: 1.64e+00s; Filtering: 6.44e-01s.
 It.:  13 Obj.:  9.85425447e+00 Vol.:1.2000e-01 Sharp.:1.2955e-01 Cons.:-1.57e-09 Ch.:2.00e-01
 It.:   13 (Time)... Total per-It.: 5.16e+02s; CG: 5.15e+02s; Opti.: 1.64e+00s; Filtering: 6.39e-01s.
 It.:  14 Obj.:  8.75562631e+00 Vol.:1.2000e-01 Sharp.:1.1361e-01 Cons.:1.14e-09 Ch.:2.00e-01
 It.:   14 (Time)... Total per-It.: 5.17e+02s; CG: 5.15e+02s; Opti.: 1.65e+00s; Filtering: 6.41e-01s.
 It.:  15 Obj.:  8.09001277e+00 Vol.:1.2000e-01 Sharp.:1.0189e-01 Cons.:-3.17e-08 Ch.:2.00e-01
 It.:   15 (Time)... Total per-It.: 5.17e+02s; CG: 5.15e+02s; Opti.: 1.65e+00s; Filtering: 6.40e-01s.
 It.:  16 Obj.:  7.66662166e+00 Vol.:1.2000e-01 Sharp.:9.4827e-02 Cons.:-7.93e-10 Ch.:2.00e-01
 It.:   16 (Time)... Total per-It.: 5.17e+02s; CG: 5.15e+02s; Opti.: 1.64e+00s; Filtering: 6.41e-01s.
 It.:  17 Obj.:  7.41264506e+00 Vol.:1.2000e-01 Sharp.:9.0979e-02 Cons.:-1.43e-08 Ch.:2.00e-01
 It.:   17 (Time)... Total per-It.: 5.17e+02s; CG: 5.15e+02s; Opti.: 1.64e+00s; Filtering: 6.40e-01s.
 It.:  18 Obj.:  7.28021617e+00 Vol.:1.2000e-01 Sharp.:8.9231e-02 Cons.:1.92e-08 Ch.:1.85e-01
 It.:   18 (Time)... Total per-It.: 5.17e+02s; CG: 5.15e+02s; Opti.: 1.64e+00s; Filtering: 6.42e-01s.
 It.:  19 Obj.:  7.19991345e+00 Vol.:1.2000e-01 Sharp.:8.8229e-02 Cons.:2.29e-08 Ch.:1.66e-01
 It.:   19 (Time)... Total per-It.: 5.16e+02s; CG: 5.14e+02s; Opti.: 1.64e+00s; Filtering: 6.40e-01s.
 It.:  20 Obj.:  7.13966723e+00 Vol.:1.2000e-01 Sharp.:8.7408e-02 Cons.:3.24e-08 Ch.:1.69e-01
 It.:   20 (Time)... Total per-It.: 5.17e+02s; CG: 5.15e+02s; Opti.: 1.64e+00s; Filtering: 6.41e-01s.
 It.:  21 Obj.:  7.10416233e+00 Vol.:1.2000e-01 Sharp.:8.7178e-02 Cons.:3.58e-08 Ch.:1.55e-01
 It.:   21 (Time)... Total per-It.: 5.16e+02s; CG: 5.15e+02s; Opti.: 1.57e+00s; Filtering: 5.65e-01s.
 It.:  22 Obj.:  7.05700276e+00 Vol.:1.2000e-01 Sharp.:8.6838e-02 Cons.:1.74e-08 Ch.:1.94e-01
 It.:   22 (Time)... Total per-It.: 5.16e+02s; CG: 5.14e+02s; Opti.: 1.57e+00s; Filtering: 5.65e-01s.
 It.:  23 Obj.:  7.05045313e+00 Vol.:1.2000e-01 Sharp.:8.7099e-02 Cons.:3.59e-08 Ch.:1.50e-01
 It.:   23 (Time)... Total per-It.: 5.16e+02s; CG: 5.15e+02s; Opti.: 1.57e+00s; Filtering: 5.63e-01s.
 It.:  24 Obj.:  7.01641014e+00 Vol.:1.2000e-01 Sharp.:8.6941e-02 Cons.:-3.82e-11 Ch.:1.91e-01
 It.:   24 (Time)... Total per-It.: 5.17e+02s; CG: 5.15e+02s; Opti.: 1.57e+00s; Filtering: 5.66e-01s.
 It.:  25 Obj.:  7.01451635e+00 Vol.:1.2000e-01 Sharp.:8.7238e-02 Cons.:2.84e-08 Ch.:1.39e-01
 It.:   25 (Time)... Total per-It.: 5.17e+02s; CG: 5.15e+02s; Opti.: 1.57e+00s; Filtering: 5.63e-01s.
 It.:  26 Obj.:  6.98317540e+00 Vol.:1.2000e-01 Sharp.:8.7106e-02 Cons.:-3.79e-08 Ch.:1.39e-01
 It.:   26 (Time)... Total per-It.: 5.16e+02s; CG: 5.15e+02s; Opti.: 1.57e+00s; Filtering: 5.66e-01s.
 It.:  27 Obj.:  6.98111925e+00 Vol.:1.2000e-01 Sharp.:8.7394e-02 Cons.:2.79e-08 Ch.:1.30e-01
 It.:   27 (Time)... Total per-It.: 5.16e+02s; CG: 5.15e+02s; Opti.: 1.57e+00s; Filtering: 5.65e-01s.
 It.:  28 Obj.:  6.95286365e+00 Vol.:1.2000e-01 Sharp.:8.7292e-02 Cons.:1.59e-09 Ch.:1.29e-01
 It.:   28 (Time)... Total per-It.: 5.16e+02s; CG: 5.15e+02s; Opti.: 1.57e+00s; Filtering: 5.67e-01s.
 It.:  29 Obj.:  6.94719809e+00 Vol.:1.2000e-01 Sharp.:8.7598e-02 Cons.:1.56e-08 Ch.:1.11e-01
 It.:   29 (Time)... Total per-It.: 5.16e+02s; CG: 5.15e+02s; Opti.: 1.57e+00s; Filtering: 5.64e-01s.
 It.:  30 Obj.:  6.92089977e+00 Vol.:1.2000e-01 Sharp.:8.7483e-02 Cons.:-3.47e-08 Ch.:1.45e-01
 It.:   30 (Time)... Total per-It.: 5.17e+02s; CG: 5.15e+02s; Opti.: 1.57e+00s; Filtering: 5.67e-01s.
 It.:  31 Obj.:  6.91760008e+00 Vol.:1.2000e-01 Sharp.:8.7798e-02 Cons.:6.22e-09 Ch.:1.05e-01
 It.:   31 (Time)... Total per-It.: 5.17e+02s; CG: 5.15e+02s; Opti.: 1.57e+00s; Filtering: 5.67e-01s.
 It.:  32 Obj.:  6.89238032e+00 Vol.:1.2000e-01 Sharp.:8.7666e-02 Cons.:-1.32e-08 Ch.:1.46e-01
 It.:   32 (Time)... Total per-It.: 5.17e+02s; CG: 5.15e+02s; Opti.: 1.57e+00s; Filtering: 5.67e-01s.
 It.:  33 Obj.:  6.88721091e+00 Vol.:1.2000e-01 Sharp.:8.8019e-02 Cons.:3.04e-08 Ch.:1.17e-01
 It.:   33 (Time)... Total per-It.: 5.17e+02s; CG: 5.15e+02s; Opti.: 1.58e+00s; Filtering: 5.66e-01s.
 It.:  34 Obj.:  6.86532325e+00 Vol.:1.2000e-01 Sharp.:8.7850e-02 Cons.:1.16e-08 Ch.:1.53e-01
 It.:   34 (Time)... Total per-It.: 5.17e+02s; CG: 5.15e+02s; Opti.: 1.58e+00s; Filtering: 5.68e-01s.
 It.:  35 Obj.:  6.86018951e+00 Vol.:1.2000e-01 Sharp.:8.8231e-02 Cons.:-2.66e-08 Ch.:1.77e-01
 It.:   35 (Time)... Total per-It.: 5.17e+02s; CG: 5.15e+02s; Opti.: 1.58e+00s; Filtering: 5.67e-01s.
 It.:  36 Obj.:  6.83747857e+00 Vol.:1.2000e-01 Sharp.:8.7973e-02 Cons.:-6.25e-09 Ch.:1.70e-01
 It.:   36 (Time)... Total per-It.: 5.17e+02s; CG: 5.15e+02s; Opti.: 1.58e+00s; Filtering: 5.68e-01s.
 It.:  37 Obj.:  6.82996102e+00 Vol.:1.2000e-01 Sharp.:8.8325e-02 Cons.:-3.14e-08 Ch.:2.00e-01
 It.:   37 (Time)... Total per-It.: 5.17e+02s; CG: 5.15e+02s; Opti.: 1.58e+00s; Filtering: 5.66e-01s.
 It.:  38 Obj.:  6.80991920e+00 Vol.:1.2000e-01 Sharp.:8.8042e-02 Cons.:2.92e-09 Ch.:1.72e-01
 It.:   38 (Time)... Total per-It.: 5.16e+02s; CG: 5.15e+02s; Opti.: 1.58e+00s; Filtering: 5.68e-01s.
 It.:  39 Obj.:  6.79685686e+00 Vol.:1.2000e-01 Sharp.:8.8243e-02 Cons.:-1.84e-08 Ch.:2.00e-01
 It.:   39 (Time)... Total per-It.: 5.17e+02s; CG: 5.15e+02s; Opti.: 1.57e+00s; Filtering: 5.67e-01s.
 It.:  40 Obj.:  6.77952153e+00 Vol.:1.2000e-01 Sharp.:8.8020e-02 Cons.:-1.50e-08 Ch.:1.39e-01
 It.:   40 (Time)... Total per-It.: 5.17e+02s; CG: 5.16e+02s; Opti.: 1.58e+00s; Filtering: 5.68e-01s.
 It.:  41 Obj.:  6.76251805e+00 Vol.:1.2000e-01 Sharp.:8.7963e-02 Cons.:7.42e-09 Ch.:1.84e-01
 It.:   41 (Time)... Total per-It.: 5.17e+02s; CG: 5.15e+02s; Opti.: 1.58e+00s; Filtering: 5.67e-01s.
 It.:  42 Obj.:  6.74915408e+00 Vol.:1.2000e-01 Sharp.:8.7722e-02 Cons.:1.40e-08 Ch.:1.23e-01
 It.:   42 (Time)... Total per-It.: 5.17e+02s; CG: 5.15e+02s; Opti.: 1.58e+00s; Filtering: 5.68e-01s.
 It.:  43 Obj.:  6.73056464e+00 Vol.:1.2000e-01 Sharp.:8.7456e-02 Cons.:-4.19e-09 Ch.:1.19e-01
 It.:   43 (Time)... Total per-It.: 5.17e+02s; CG: 5.15e+02s; Opti.: 1.58e+00s; Filtering: 5.68e-01s.
 It.:  44 Obj.:  6.71645954e+00 Vol.:1.2000e-01 Sharp.:8.7382e-02 Cons.:-4.43e-09 Ch.:1.06e-01
 It.:   44 (Time)... Total per-It.: 5.17e+02s; CG: 5.15e+02s; Opti.: 1.58e+00s; Filtering: 5.67e-01s.
 It.:  45 Obj.:  6.70769316e+00 Vol.:1.2000e-01 Sharp.:8.7490e-02 Cons.:4.06e-08 Ch.:1.14e-01
 It.:   45 (Time)... Total per-It.: 5.17e+02s; CG: 5.15e+02s; Opti.: 1.57e+00s; Filtering: 5.66e-01s.
 It.:  46 Obj.:  6.70096977e+00 Vol.:1.2000e-01 Sharp.:8.7626e-02 Cons.:1.84e-08 Ch.:1.12e-01
 It.:   46 (Time)... Total per-It.: 5.17e+02s; CG: 5.15e+02s; Opti.: 1.58e+00s; Filtering: 5.67e-01s.
 It.:  47 Obj.:  6.69426146e+00 Vol.:1.2000e-01 Sharp.:8.7741e-02 Cons.:2.52e-09 Ch.:1.10e-01
 It.:   47 (Time)... Total per-It.: 5.17e+02s; CG: 5.15e+02s; Opti.: 1.58e+00s; Filtering: 5.66e-01s.
 It.:  48 Obj.:  6.68915159e+00 Vol.:1.2000e-01 Sharp.:8.7846e-02 Cons.:4.50e-09 Ch.:1.12e-01
 It.:   48 (Time)... Total per-It.: 5.17e+02s; CG: 5.15e+02s; Opti.: 1.58e+00s; Filtering: 5.68e-01s.
 It.:  49 Obj.:  6.68257294e+00 Vol.:1.2000e-01 Sharp.:8.7951e-02 Cons.:2.68e-08 Ch.:1.04e-01
 It.:   49 (Time)... Total per-It.: 5.16e+02s; CG: 5.15e+02s; Opti.: 1.58e+00s; Filtering: 5.67e-01s.
 It.:  50 Obj.:  6.67797830e+00 Vol.:1.2000e-01 Sharp.:8.8053e-02 Cons.:-3.95e-08 Ch.:1.05e-01
 It.:   50 (Time)... Total per-It.: 5.17e+02s; CG: 5.15e+02s; Opti.: 1.58e+00s; Filtering: 5.67e-01s.

..........Performing Topology Optimization Costs (in total): 2.5869e+04s.
STL file saved to: /orcd/home/002/nhirt/AlgorithmEngineering_AltProject/out/stl/GLOBAL_20251105_045700_5895990.stl

Done.
Job completed at Wed Nov  5 04:57:00 EST 2025
