Job started at Sat Nov 15 17:25:07 EST 2025
Mode: GLOBAL
Parameters: 12 24 12 0.12 30
Output file: out/log/GLOBAL_20251115_172507_6350888.out
Error file: out/log/GLOBAL_20251115_172507_6350888.err
Latest log: out/log/GLOBAL_latest.log
STL dir: out/stl/
NODELIST: node1612
Running GLOBAL topo-opt on cuboid: 12x24x12, V0=0.12, iters=30

==========================Displaying Inputs==========================
..............................................Volume Fraction: 0.1200
..........................................Filter Radius: 1.7321 Cells
................................................Cell Size: 1.0000e+00
...............................................#CG Iterations:  800
...........................................Youngs Modulus: 1.0000e+00
....................................Youngs Modulus (Min.): 1.0000e-06
...........................................Poissons Ratio: 3.0000e-01
Preparing Voxel-based FEA Model Costs        0.0s
Compliance of Fully Solid Domain:     1.920166e+00
 It.:    0 Solver Time:    0s.

 It.:   1 Obj.:  1.11060802e+03 Vol.:1.2000e-01 Sharp.:4.0955e-01 Cons.:-2.91e-08 Ch.:1.90e-01
 It.:    1 (Time)... Total per-It.: 2.62e-01s; CG: 2.59e-01s; Opti.: 2.44e-03s; Filtering: 1.13e-03s.
 It.:   2 Obj.:  7.00265401e+02 Vol.:1.2000e-01 Sharp.:4.1157e-01 Cons.:-3.20e-08 Ch.:1.12e-01
 It.:    2 (Time)... Total per-It.: 2.76e-01s; CG: 2.73e-01s; Opti.: 2.45e-03s; Filtering: 1.15e-03s.
 It.:   3 Obj.:  5.09109244e+02 Vol.:1.2000e-01 Sharp.:4.0064e-01 Cons.:-3.90e-09 Ch.:2.00e-01
 It.:    3 (Time)... Total per-It.: 2.79e-01s; CG: 2.76e-01s; Opti.: 2.35e-03s; Filtering: 1.04e-03s.
 It.:   4 Obj.:  4.55643209e+02 Vol.:1.2000e-01 Sharp.:4.0450e-01 Cons.:-3.25e-08 Ch.:1.14e-01
 It.:    4 (Time)... Total per-It.: 2.55e-01s; CG: 2.52e-01s; Opti.: 2.35e-03s; Filtering: 1.04e-03s.
 It.:   5 Obj.:  4.11522695e+02 Vol.:1.2000e-01 Sharp.:3.9531e-01 Cons.:4.07e-08 Ch.:2.00e-01
 It.:    5 (Time)... Total per-It.: 2.87e-01s; CG: 2.85e-01s; Opti.: 2.35e-03s; Filtering: 1.04e-03s.
 It.:   6 Obj.:  3.80458505e+02 Vol.:1.2000e-01 Sharp.:3.9792e-01 Cons.:5.67e-08 Ch.:1.37e-01
 It.:    6 (Time)... Total per-It.: 2.56e-01s; CG: 2.53e-01s; Opti.: 2.35e-03s; Filtering: 1.03e-03s.
 It.:   7 Obj.:  3.43764701e+02 Vol.:1.2000e-01 Sharp.:3.8723e-01 Cons.:2.48e-08 Ch.:2.00e-01
 It.:    7 (Time)... Total per-It.: 3.06e-01s; CG: 3.03e-01s; Opti.: 2.36e-03s; Filtering: 1.04e-03s.
 It.:   8 Obj.:  3.03020939e+02 Vol.:1.2000e-01 Sharp.:3.8439e-01 Cons.:8.35e-08 Ch.:1.31e-01
 It.:    8 (Time)... Total per-It.: 3.35e-01s; CG: 3.32e-01s; Opti.: 2.36e-03s; Filtering: 1.05e-03s.
 It.:   9 Obj.:  2.49671255e+02 Vol.:1.2000e-01 Sharp.:3.6813e-01 Cons.:-1.02e-07 Ch.:2.00e-01
 It.:    9 (Time)... Total per-It.: 4.09e-01s; CG: 4.07e-01s; Opti.: 2.35e-03s; Filtering: 1.04e-03s.
 It.:  10 Obj.:  2.03392491e+02 Vol.:1.2000e-01 Sharp.:3.6033e-01 Cons.:1.35e-10 Ch.:1.30e-01
 It.:   10 (Time)... Total per-It.: 3.97e-01s; CG: 3.95e-01s; Opti.: 2.36e-03s; Filtering: 1.03e-03s.
 It.:  11 Obj.:  1.56868806e+02 Vol.:1.2000e-01 Sharp.:3.4065e-01 Cons.:6.74e-08 Ch.:2.00e-01
 It.:   11 (Time)... Total per-It.: 4.95e-01s; CG: 4.92e-01s; Opti.: 2.38e-03s; Filtering: 1.05e-03s.
 It.:  12 Obj.:  1.27522364e+02 Vol.:1.2000e-01 Sharp.:3.3241e-01 Cons.:4.17e-08 Ch.:1.29e-01
 It.:   12 (Time)... Total per-It.: 5.72e-01s; CG: 5.70e-01s; Opti.: 2.37e-03s; Filtering: 1.03e-03s.
 It.:  13 Obj.:  1.03311577e+02 Vol.:1.2000e-01 Sharp.:3.1608e-01 Cons.:-4.52e-08 Ch.:1.91e-01
 It.:   13 (Time)... Total per-It.: 4.46e-01s; CG: 4.43e-01s; Opti.: 2.38e-03s; Filtering: 1.04e-03s.
 It.:  14 Obj.:  9.04256174e+01 Vol.:1.2000e-01 Sharp.:3.1164e-01 Cons.:-7.75e-08 Ch.:1.14e-01
 It.:   14 (Time)... Total per-It.: 5.79e-01s; CG: 5.76e-01s; Opti.: 2.38e-03s; Filtering: 1.04e-03s.
 It.:  15 Obj.:  8.06979438e+01 Vol.:1.2000e-01 Sharp.:3.0035e-01 Cons.:6.52e-08 Ch.:1.43e-01
 It.:   15 (Time)... Total per-It.: 4.68e-01s; CG: 4.66e-01s; Opti.: 2.37e-03s; Filtering: 1.03e-03s.
 It.:  16 Obj.:  7.47750098e+01 Vol.:1.2000e-01 Sharp.:2.9780e-01 Cons.:9.23e-08 Ch.:9.31e-02
 It.:   16 (Time)... Total per-It.: 5.05e-01s; CG: 5.02e-01s; Opti.: 2.38e-03s; Filtering: 1.05e-03s.
 It.:  17 Obj.:  6.98125344e+01 Vol.:1.2000e-01 Sharp.:2.8984e-01 Cons.:-9.03e-08 Ch.:1.05e-01
 It.:   17 (Time)... Total per-It.: 3.71e-01s; CG: 3.69e-01s; Opti.: 2.39e-03s; Filtering: 1.04e-03s.
 It.:  18 Obj.:  6.64673180e+01 Vol.:1.2000e-01 Sharp.:2.8807e-01 Cons.:-7.71e-08 Ch.:7.59e-02
 It.:   18 (Time)... Total per-It.: 4.27e-01s; CG: 4.25e-01s; Opti.: 2.38e-03s; Filtering: 1.04e-03s.
 It.:  19 Obj.:  6.35045886e+01 Vol.:1.2000e-01 Sharp.:2.8257e-01 Cons.:4.22e-08 Ch.:8.55e-02
 It.:   19 (Time)... Total per-It.: 3.76e-01s; CG: 3.73e-01s; Opti.: 2.39e-03s; Filtering: 1.04e-03s.
 It.:  20 Obj.:  6.14809451e+01 Vol.:1.2000e-01 Sharp.:2.8129e-01 Cons.:-3.84e-08 Ch.:5.63e-02
 It.:   20 (Time)... Total per-It.: 4.23e-01s; CG: 4.21e-01s; Opti.: 2.39e-03s; Filtering: 1.05e-03s.
 It.:  21 Obj.:  5.96247220e+01 Vol.:1.2000e-01 Sharp.:2.7730e-01 Cons.:1.81e-08 Ch.:6.83e-02
 It.:   21 (Time)... Total per-It.: 3.81e-01s; CG: 3.79e-01s; Opti.: 2.39e-03s; Filtering: 1.04e-03s.
 It.:  22 Obj.:  5.83175675e+01 Vol.:1.2000e-01 Sharp.:2.7630e-01 Cons.:2.43e-08 Ch.:4.06e-02
 It.:   22 (Time)... Total per-It.: 3.99e-01s; CG: 3.97e-01s; Opti.: 2.28e-03s; Filtering: 9.20e-04s.
 It.:  23 Obj.:  5.70641021e+01 Vol.:1.2000e-01 Sharp.:2.7328e-01 Cons.:-1.02e-08 Ch.:5.45e-02
 It.:   23 (Time)... Total per-It.: 3.62e-01s; CG: 3.60e-01s; Opti.: 2.29e-03s; Filtering: 9.23e-04s.
 It.:  24 Obj.:  5.61547643e+01 Vol.:1.2000e-01 Sharp.:2.7244e-01 Cons.:1.87e-08 Ch.:3.29e-02
 It.:   24 (Time)... Total per-It.: 3.56e-01s; CG: 3.53e-01s; Opti.: 2.28e-03s; Filtering: 9.16e-04s.
 It.:  25 Obj.:  5.52473003e+01 Vol.:1.2000e-01 Sharp.:2.7013e-01 Cons.:-3.13e-09 Ch.:4.36e-02
 It.:   25 (Time)... Total per-It.: 3.66e-01s; CG: 3.64e-01s; Opti.: 2.27e-03s; Filtering: 9.19e-04s.
 It.:  26 Obj.:  5.45913674e+01 Vol.:1.2000e-01 Sharp.:2.6943e-01 Cons.:-2.15e-08 Ch.:2.65e-02
 It.:   26 (Time)... Total per-It.: 3.18e-01s; CG: 3.15e-01s; Opti.: 2.29e-03s; Filtering: 9.27e-04s.
 It.:  27 Obj.:  5.39164752e+01 Vol.:1.2000e-01 Sharp.:2.6771e-01 Cons.:-3.26e-08 Ch.:3.43e-02
 It.:   27 (Time)... Total per-It.: 3.57e-01s; CG: 3.55e-01s; Opti.: 2.27e-03s; Filtering: 9.19e-04s.
 It.:  28 Obj.:  5.34442352e+01 Vol.:1.2000e-01 Sharp.:2.6719e-01 Cons.:-2.74e-09 Ch.:2.08e-02
 It.:   28 (Time)... Total per-It.: 3.11e-01s; CG: 3.08e-01s; Opti.: 2.28e-03s; Filtering: 9.16e-04s.
 It.:  29 Obj.:  5.29695107e+01 Vol.:1.2000e-01 Sharp.:2.6593e-01 Cons.:6.56e-09 Ch.:2.55e-02
 It.:   29 (Time)... Total per-It.: 2.63e-01s; CG: 2.61e-01s; Opti.: 2.28e-03s; Filtering: 9.25e-04s.
 It.:  30 Obj.:  5.26297381e+01 Vol.:1.2000e-01 Sharp.:2.6558e-01 Cons.:-5.07e-09 Ch.:1.60e-02
 It.:   30 (Time)... Total per-It.: 3.13e-01s; CG: 3.11e-01s; Opti.: 2.18e-03s; Filtering: 8.20e-04s.

..........Performing Topology Optimization Costs (in total): 1.1418e+01s.
STL file saved to: /orcd/home/002/nhirt/AlgorithmEngineering_AltProject/out/stl/GLOBAL_20251115_172519_6350888.stl

Done.
Job completed at Sat Nov 15 17:25:19 EST 2025
