Job started at Sun Nov 16 15:42:29 EST 2025
Mode: GLOBAL
Parameters: 30 60 30 0.12 30
Output file: out/log/GLOBAL_20251116_154229_6439818.out
Error file: out/log/GLOBAL_20251116_154229_6439818.err
Latest log: out/log/GLOBAL_latest.log
STL dir: out/stl/
NODELIST: node1607
Running GLOBAL topo-opt on cuboid: 30x60x30, V0=0.12, iters=30

==========================Displaying Inputs==========================
..............................................Volume Fraction: 0.1200
..........................................Filter Radius: 1.7321 Cells
................................................Cell Size: 1.0000e+00
...............................................#CG Iterations:  800
...........................................Youngs Modulus: 1.0000e+00
....................................Youngs Modulus (Min.): 1.0000e-06
...........................................Poissons Ratio: 3.0000e-01
Preparing Voxel-based FEA Model Costs        0.0s
Compliance of Fully Solid Domain:     1.172354e+00
 It.:    0 Solver Time:    7s.

 It.:   1 Obj.:  6.78176457e+02 Vol.:1.2000e-01 Sharp.:4.0625e-01 Cons.:-4.50e-08 Ch.:2.00e-01
 It.:    1 (Time)... Total per-It.: 5.84e+00s; CG: 5.81e+00s; Opti.: 3.65e-02s; Filtering: 1.48e-02s.
 It.:   2 Obj.:  4.03917545e+02 Vol.:1.2000e-01 Sharp.:4.0497e-01 Cons.:-4.09e-08 Ch.:1.91e-01
 It.:    2 (Time)... Total per-It.: 9.13e+00s; CG: 9.09e+00s; Opti.: 3.52e-02s; Filtering: 1.35e-02s.
 It.:   3 Obj.:  2.73216021e+02 Vol.:1.2000e-01 Sharp.:3.9129e-01 Cons.:2.32e-08 Ch.:2.00e-01
 It.:    3 (Time)... Total per-It.: 7.74e+00s; CG: 7.70e+00s; Opti.: 3.67e-02s; Filtering: 1.48e-02s.
 It.:   4 Obj.:  2.29724775e+02 Vol.:1.2000e-01 Sharp.:3.8970e-01 Cons.:5.07e-08 Ch.:1.90e-01
 It.:    4 (Time)... Total per-It.: 9.42e+00s; CG: 9.39e+00s; Opti.: 3.67e-02s; Filtering: 1.48e-02s.
 It.:   5 Obj.:  1.92545517e+02 Vol.:1.2000e-01 Sharp.:3.7468e-01 Cons.:1.10e-08 Ch.:2.00e-01
 It.:    5 (Time)... Total per-It.: 9.55e+00s; CG: 9.52e+00s; Opti.: 3.68e-02s; Filtering: 1.49e-02s.
 It.:   6 Obj.:  1.61636735e+02 Vol.:1.2000e-01 Sharp.:3.7089e-01 Cons.:2.08e-08 Ch.:2.00e-01
 It.:    6 (Time)... Total per-It.: 8.89e+00s; CG: 8.85e+00s; Opti.: 3.67e-02s; Filtering: 1.47e-02s.
 It.:   7 Obj.:  1.31391553e+02 Vol.:1.2000e-01 Sharp.:3.5323e-01 Cons.:-4.80e-08 Ch.:2.00e-01
 It.:    7 (Time)... Total per-It.: 1.33e+01s; CG: 1.32e+01s; Opti.: 3.69e-02s; Filtering: 1.48e-02s.
 It.:   8 Obj.:  1.01484869e+02 Vol.:1.2000e-01 Sharp.:3.3616e-01 Cons.:5.09e-08 Ch.:2.00e-01
 It.:    8 (Time)... Total per-It.: 1.31e+01s; CG: 1.30e+01s; Opti.: 3.57e-02s; Filtering: 1.36e-02s.
 It.:   9 Obj.:  7.17803888e+01 Vol.:1.2000e-01 Sharp.:3.0644e-01 Cons.:5.66e-08 Ch.:2.00e-01
 It.:    9 (Time)... Total per-It.: 1.33e+01s; CG: 1.32e+01s; Opti.: 3.58e-02s; Filtering: 1.34e-02s.
 It.:  10 Obj.:  4.90320940e+01 Vol.:1.2000e-01 Sharp.:2.7287e-01 Cons.:-7.73e-08 Ch.:2.00e-01
 It.:   10 (Time)... Total per-It.: 1.33e+01s; CG: 1.32e+01s; Opti.: 3.58e-02s; Filtering: 1.34e-02s.
 It.:  11 Obj.:  3.33178878e+01 Vol.:1.2000e-01 Sharp.:2.3594e-01 Cons.:-4.45e-08 Ch.:2.00e-01
 It.:   11 (Time)... Total per-It.: 1.31e+01s; CG: 1.30e+01s; Opti.: 3.63e-02s; Filtering: 1.36e-02s.
 It.:  12 Obj.:  2.44603275e+01 Vol.:1.2000e-01 Sharp.:2.0484e-01 Cons.:2.91e-08 Ch.:2.00e-01
 It.:   12 (Time)... Total per-It.: 1.32e+01s; CG: 1.32e+01s; Opti.: 3.61e-02s; Filtering: 1.34e-02s.
 It.:  13 Obj.:  1.92492646e+01 Vol.:1.2000e-01 Sharp.:1.7925e-01 Cons.:-3.82e-08 Ch.:2.00e-01
 It.:   13 (Time)... Total per-It.: 1.33e+01s; CG: 1.32e+01s; Opti.: 3.64e-02s; Filtering: 1.34e-02s.
 It.:  14 Obj.:  1.64719468e+01 Vol.:1.2000e-01 Sharp.:1.6298e-01 Cons.:-4.12e-08 Ch.:2.00e-01
 It.:   14 (Time)... Total per-It.: 1.31e+01s; CG: 1.30e+01s; Opti.: 3.66e-02s; Filtering: 1.35e-02s.
 It.:  15 Obj.:  1.48994646e+01 Vol.:1.2000e-01 Sharp.:1.5104e-01 Cons.:-2.47e-08 Ch.:2.00e-01
 It.:   15 (Time)... Total per-It.: 1.33e+01s; CG: 1.32e+01s; Opti.: 3.65e-02s; Filtering: 1.34e-02s.
 It.:  16 Obj.:  1.40127913e+01 Vol.:1.2000e-01 Sharp.:1.4321e-01 Cons.:2.39e-09 Ch.:1.81e-01
 It.:   16 (Time)... Total per-It.: 1.33e+01s; CG: 1.33e+01s; Opti.: 3.51e-02s; Filtering: 1.20e-02s.
 It.:  17 Obj.:  1.34404265e+01 Vol.:1.2000e-01 Sharp.:1.3795e-01 Cons.:5.67e-08 Ch.:1.56e-01
 It.:   17 (Time)... Total per-It.: 1.31e+01s; CG: 1.30e+01s; Opti.: 3.51e-02s; Filtering: 1.21e-02s.
 It.:  18 Obj.:  1.31339618e+01 Vol.:1.2000e-01 Sharp.:1.3442e-01 Cons.:-2.40e-08 Ch.:1.43e-01
 It.:   18 (Time)... Total per-It.: 1.33e+01s; CG: 1.32e+01s; Opti.: 3.50e-02s; Filtering: 1.20e-02s.
 It.:  19 Obj.:  1.29016942e+01 Vol.:1.2000e-01 Sharp.:1.3167e-01 Cons.:-5.27e-08 Ch.:1.20e-01
 It.:   19 (Time)... Total per-It.: 1.33e+01s; CG: 1.33e+01s; Opti.: 3.49e-02s; Filtering: 1.18e-02s.
 It.:  20 Obj.:  1.27325728e+01 Vol.:1.2000e-01 Sharp.:1.2955e-01 Cons.:-5.30e-08 Ch.:9.65e-02
 It.:   20 (Time)... Total per-It.: 1.31e+01s; CG: 1.30e+01s; Opti.: 3.51e-02s; Filtering: 1.19e-02s.
 It.:  21 Obj.:  1.25958078e+01 Vol.:1.2000e-01 Sharp.:1.2863e-01 Cons.:-5.51e-08 Ch.:7.80e-02
 It.:   21 (Time)... Total per-It.: 1.33e+01s; CG: 1.32e+01s; Opti.: 3.34e-02s; Filtering: 1.04e-02s.
 It.:  22 Obj.:  1.25307832e+01 Vol.:1.2000e-01 Sharp.:1.2844e-01 Cons.:4.72e-08 Ch.:7.38e-02
 It.:   22 (Time)... Total per-It.: 1.33e+01s; CG: 1.32e+01s; Opti.: 3.37e-02s; Filtering: 1.06e-02s.
 It.:  23 Obj.:  1.25011343e+01 Vol.:1.2000e-01 Sharp.:1.2838e-01 Cons.:-1.15e-08 Ch.:6.37e-02
 It.:   23 (Time)... Total per-It.: 1.30e+01s; CG: 1.30e+01s; Opti.: 3.36e-02s; Filtering: 1.05e-02s.
 It.:  24 Obj.:  1.24820166e+01 Vol.:1.2000e-01 Sharp.:1.2836e-01 Cons.:-4.18e-08 Ch.:5.41e-02
 It.:   24 (Time)... Total per-It.: 9.20e+00s; CG: 9.17e+00s; Opti.: 3.34e-02s; Filtering: 1.04e-02s.
 It.:  25 Obj.:  1.24644146e+01 Vol.:1.2000e-01 Sharp.:1.2837e-01 Cons.:-1.72e-08 Ch.:4.58e-02
 It.:   25 (Time)... Total per-It.: 9.22e+00s; CG: 9.19e+00s; Opti.: 3.36e-02s; Filtering: 1.06e-02s.
 It.:  26 Obj.:  1.24486284e+01 Vol.:1.2000e-01 Sharp.:1.2837e-01 Cons.:-2.96e-08 Ch.:4.24e-02
 It.:   26 (Time)... Total per-It.: 6.73e+00s; CG: 6.70e+00s; Opti.: 3.37e-02s; Filtering: 1.06e-02s.
 It.:  27 Obj.:  1.24338030e+01 Vol.:1.2000e-01 Sharp.:1.2840e-01 Cons.:-1.72e-08 Ch.:3.99e-02
 It.:   27 (Time)... Total per-It.: 6.81e+00s; CG: 6.77e+00s; Opti.: 3.35e-02s; Filtering: 1.04e-02s.
 It.:  28 Obj.:  1.24220069e+01 Vol.:1.2000e-01 Sharp.:1.2843e-01 Cons.:3.14e-08 Ch.:3.71e-02
 It.:   28 (Time)... Total per-It.: 6.78e+00s; CG: 6.74e+00s; Opti.: 3.36e-02s; Filtering: 1.06e-02s.
 It.:  29 Obj.:  1.24118725e+01 Vol.:1.2000e-01 Sharp.:1.2847e-01 Cons.:-2.62e-08 Ch.:3.41e-02
 It.:   29 (Time)... Total per-It.: 6.44e+00s; CG: 6.40e+00s; Opti.: 3.36e-02s; Filtering: 1.06e-02s.
 It.:  30 Obj.:  1.24030426e+01 Vol.:1.2000e-01 Sharp.:1.2852e-01 Cons.:-3.11e-08 Ch.:3.16e-02
 It.:   30 (Time)... Total per-It.: 6.51e+00s; CG: 6.48e+00s; Opti.: 3.34e-02s; Filtering: 1.04e-02s.

..........Performing Topology Optimization Costs (in total): 3.3370e+02s.
STL file saved to: /orcd/home/002/nhirt/AlgorithmEngineering_AltProject/out/stl/GLOBAL_20251116_154803_6439818.stl

Done.
Job completed at Sun Nov 16 15:48:03 EST 2025
