Job started at Wed Nov  5 11:49:36 EST 2025
Mode: LOCAL
Parameters: 50 100 50 0.5 300 1.7320508075688772 6
Output file: out/log/LOCAL_20251105_114936_5910894.out
Error file: out/log/LOCAL_20251105_114936_5910894.err
Latest log: out/log/LOCAL_latest.log (use 'tail -f out/log/LOCAL_latest.log' to monitor)
STL files will be saved to: out/stl/

Running LOCAL (PIO) topo-opt on cuboid: 50x100x50, Ve0=0.5, iters=300, rMin=1.73205, rHat=6
 It.:1 Obj.:6.40312 Cons.:-0.5
 It.:2 Obj.:4.10714 Cons.:-0.425232
 It.:3 Obj.:3.03144 Cons.:-0.366425
 It.:4 Obj.:2.37092 Cons.:-0.317399
 It.:5 Obj.:1.87121 Cons.:-0.261315
 It.:6 Obj.:1.57434 Cons.:-0.219682
 It.:7 Obj.:1.33973 Cons.:-0.179537
 It.:8 Obj.:1.17583 Cons.:-0.142046
 It.:9 Obj.:1.04878 Cons.:-0.109128
 It.:10 Obj.:0.954593 Cons.:-0.0815147
 It.:11 Obj.:0.89621 Cons.:-0.0639886
 It.:12 Obj.:0.868517 Cons.:-0.0519433
 It.:13 Obj.:0.849132 Cons.:-0.0421389
 It.:14 Obj.:0.832496 Cons.:-0.0325238
 It.:15 Obj.:0.821525 Cons.:-0.0247243
 It.:16 Obj.:0.813389 Cons.:-0.0184698
 It.:17 Obj.:0.808639 Cons.:-0.0143025
 It.:18 Obj.:0.805548 Cons.:-0.0114241
 It.:19 Obj.:0.804038 Cons.:-0.00955103
 It.:20 Obj.:0.802767 Cons.:-0.00804613
 It.:21 Obj.:0.802206 Cons.:-0.00714704
 It.:22 Obj.:0.801668 Cons.:-0.00652484
 It.:23 Obj.:0.801587 Cons.:-0.00602757
 It.:24 Obj.:0.801233 Cons.:-0.00562965
 It.:25 Obj.:0.801255 Cons.:-0.0052738
 It.:26 Obj.:0.801025 Cons.:-0.0049436
 It.:27 Obj.:0.801031 Cons.:-0.00463472
 It.:28 Obj.:0.800895 Cons.:-0.00434846
 It.:29 Obj.:0.800871 Cons.:-0.004078
 It.:30 Obj.:0.800789 Cons.:-0.0038283
 It.:31 Obj.:0.80075 Cons.:-0.00359144
 It.:32 Obj.:0.8007 Cons.:-0.00337067
 It.:33 Obj.:0.800658 Cons.:-0.00316204
 It.:34 Obj.:0.800621 Cons.:-0.00296643
 It.:35 Obj.:0.800587 Cons.:-0.00278364
 It.:36 Obj.:0.800559 Cons.:-0.00261227
 It.:37 Obj.:0.800531 Cons.:-0.00245173
 It.:38 Obj.:0.800513 Cons.:-0.00230001
 It.:39 Obj.:0.800496 Cons.:-0.00215791
 It.:40 Obj.:0.800482 Cons.:-0.00202431
 It.:41 Obj.:0.800471 Cons.:-0.00189875
 It.:42 Obj.:0.800448 Cons.:-0.00170932
 It.:43 Obj.:0.800445 Cons.:-0.0016141
 It.:44 Obj.:0.800439 Cons.:-0.00152766
 It.:45 Obj.:0.800434 Cons.:-0.00144528
 It.:46 Obj.:0.800429 Cons.:-0.00136743
 It.:47 Obj.:0.800425 Cons.:-0.00129271
 It.:48 Obj.:0.800421 Cons.:-0.0012245
 It.:49 Obj.:0.800418 Cons.:-0.00115976
 It.:50 Obj.:0.800415 Cons.:-0.00109921
 It.:51 Obj.:0.800413 Cons.:-0.00104122
 It.:52 Obj.:0.800411 Cons.:-0.00098703
 It.:53 Obj.:0.800409 Cons.:-0.000935444
 It.:54 Obj.:0.800408 Cons.:-0.0008868
 It.:55 Obj.:0.800407 Cons.:-0.000840508
 It.:56 Obj.:0.800406 Cons.:-0.000796585
 It.:57 Obj.:0.800405 Cons.:-0.000754371
 It.:58 Obj.:0.800404 Cons.:-0.000714683
 It.:59 Obj.:0.800403 Cons.:-0.000676771
 It.:60 Obj.:0.800402 Cons.:-0.000640768
 It.:61 Obj.:0.800401 Cons.:-0.000606741
 It.:62 Obj.:0.8004 Cons.:-0.000574985
 It.:63 Obj.:0.800399 Cons.:-0.00054495
 It.:64 Obj.:0.800398 Cons.:-0.000517103
 It.:65 Obj.:0.800398 Cons.:-0.000489758
 It.:66 Obj.:0.800397 Cons.:-0.000464244
 It.:67 Obj.:0.800396 Cons.:-0.00043941
 It.:68 Obj.:0.800396 Cons.:-0.000415736
 It.:69 Obj.:0.800396 Cons.:-0.000393212
 It.:70 Obj.:0.800396 Cons.:-0.000371689
 It.:71 Obj.:0.800396 Cons.:-0.000351757
 It.:72 Obj.:0.800396 Cons.:-0.000333018
 It.:73 Obj.:0.800396 Cons.:-0.000315305
 It.:74 Obj.:0.800395 Cons.:-0.00029867
 It.:75 Obj.:0.800395 Cons.:-0.000283138
 It.:76 Obj.:0.800395 Cons.:-0.000268378
 It.:77 Obj.:0.800395 Cons.:-0.000253864
 It.:78 Obj.:0.800395 Cons.:-0.000240225
 It.:79 Obj.:0.800395 Cons.:-0.000227648
 It.:80 Obj.:0.800395 Cons.:-0.000215589
 It.:81 Obj.:0.800395 Cons.:-0.000204339
 It.:82 Obj.:0.800395 Cons.:-0.000169067
 It.:83 Obj.:0.800395 Cons.:-0.000158844
 It.:84 Obj.:0.800395 Cons.:-0.000152517
 It.:85 Obj.:0.800395 Cons.:-0.000143923
 It.:86 Obj.:0.800395 Cons.:-0.000136457
 It.:87 Obj.:0.800395 Cons.:-0.000130561
 It.:88 Obj.:0.800395 Cons.:-0.000124082
 It.:89 Obj.:0.800395 Cons.:-0.000118563
 It.:90 Obj.:0.800395 Cons.:-0.000112535
 It.:91 Obj.:0.800395 Cons.:-0.00010686
 It.:92 Obj.:0.800395 Cons.:-0.000101839
 It.:93 Obj.:0.800395 Cons.:-9.64726e-05
 It.:94 Obj.:0.800395 Cons.:-9.15543e-05
 It.:95 Obj.:0.800395 Cons.:-8.7284e-05
 It.:96 Obj.:0.800395 Cons.:-8.31852e-05
 It.:97 Obj.:0.800395 Cons.:-7.90987e-05
 It.:98 Obj.:0.800395 Cons.:-7.51409e-05
 It.:99 Obj.:0.800395 Cons.:-7.13568e-05
 It.:100 Obj.:0.800395 Cons.:-6.77322e-05
 It.:101 Obj.:0.800395 Co