Job started at Fri Nov  7 09:02:00 EST 2025
Mode: MATLAB_GLOBAL
Output file: out/log/MATLAB_GLOBAL_20251107_090200_5953621.out
Error file: out/log/MATLAB_GLOBAL_20251107_090200_5953621.err
Latest log: out/log/MATLAB_GLOBAL_latest.log (tail -f out/log/MATLAB_GLOBAL_latest.log)

/orcd/software/core/001/cm/shared/mit/matlab/matlab-2024a/bin/matlab
==========================Displaying Inputs==========================
..............................................Volume Fraction: 0.1200
..........................................Filter Radius: 1.7321 Cells
................................................Cell Size: 1.0000e+00
...............................................#MGCG Iterations:  800
.....................................................V-cycle: Adapted
...............................................Non-dyadic Strategy: 1
...........................................Youngs Modulus: 1.0000e+00
....................................Youngs Modulus (Min.): 1.0000e-06
...........................................Poissons Ratio: 3.0000e-01
Preparing Voxel-based FEA Model Costs        0.1s
Mesh Hierarchy...
             #Resolutions         #Elements   #DOFs
...Level 1:  104 x   56 x   56      250000      788103
...Level 2:   26 x   14 x   14        4225       15288
...Level 3:   13 x    7 x    7         637        2688
Starting parallel pool (parpool) using the 'threads' profile ...
Connected to parallel pool with 16 workers.
CG solver converged at iteration   26 to a solution with relative residual    9.240133e-04
Compliance of Fully Solid Domain:     8.003947e-01
 It.:    0 Assembling Time: 1.487745e+00s; Solver Time: 2.258301e+00s.
CG solver converged at iteration   27 to a solution with relative residual    9.184558e-04
 It.:   1 Obj.:  4.62924280e+02 Vol.:1.2000e-01 Sharp.:4.0568e-01 Cons.:1.43e-15 Ch.:2.00e-01
 It.: 1 (Time)... Total per-It.: 3.55e+00s; Assemb.: 1.11e+00s; CG: 2.22e+00s; Opti.: 1.02e-01s; Filtering: 1.10e-01s.
CG solver converged at iteration   41 to a solution with relative residual    9.316013e-04
 It.:   2 Obj.:  2.73888708e+02 Vol.:1.2000e-01 Sharp.:4.0310e-01 Cons.:5.36e-08 Ch.:2.00e-01
 It.: 2 (Time)... Total per-It.: 4.09e+00s; Assemb.: 7.10e-01s; CG: 3.19e+00s; Opti.: 7.89e-02s; Filtering: 1.07e-01s.
CG solver converged at iteration   41 to a solution with relative residual    8.724877e-04
 It.:   3 Obj.:  1.82165450e+02 Vol.:1.2000e-01 Sharp.:3.8992e-01 Cons.:7.06e-08 Ch.:2.00e-01
 It.: 3 (Time)... Total per-It.: 6.14e+00s; Assemb.: 2.79e+00s; CG: 3.14e+00s; Opti.: 8.46e-02s; Filtering: 1.23e-01s.
CG solver converged at iteration   45 to a solution with relative residual    9.669698e-04
 It.:   4 Obj.:  1.47029774e+02 Vol.:1.2000e-01 Sharp.:3.8418e-01 Cons.:7.53e-08 Ch.:2.00e-01
 It.: 4 (Time)... Total per-It.: 5.18e+00s; Assemb.: 1.36e+00s; CG: 3.61e+00s; Opti.: 8.52e-02s; Filtering: 1.20e-01s.
CG solver converged at iteration   48 to a solution with relative residual    9.514412e-04
 It.:   5 Obj.:  1.20022813e+02 Vol.:1.2000e-01 Sharp.:3.6944e-01 Cons.:-1.49e-08 Ch.:2.00e-01
 It.: 5 (Time)... Total per-It.: 5.88e+00s; Assemb.: 1.64e+00s; CG: 4.02e+00s; Opti.: 9.83e-02s; Filtering: 1.17e-01s.
CG solver converged at iteration   55 to a solution with relative residual    9.312476e-04
 It.:   6 Obj.:  9.57821719e+01 Vol.:1.2000e-01 Sharp.:3.6028e-01 Cons.:-5.70e-08 Ch.:2.00e-01
 It.: 6 (Time)... Total per-It.: 7.31e+00s; Assemb.: 2.52e+00s; CG: 4.61e+00s; Opti.: 6.70e-02s; Filtering: 1.16e-01s.
CG solver converged at iteration   58 to a solution with relative residual    8.863856e-04
 It.:   7 Obj.:  7.41509595e+01 Vol.:1.2000e-01 Sharp.:3.4094e-01 Cons.:-1.90e-08 Ch.:2.00e-01
 It.: 7 (Time)... Total per-It.: 6.82e+00s; Assemb.: 1.90e+00s; CG: 4.73e+00s; Opti.: 7.87e-02s; Filtering: 1.10e-01s.
CG solver converged at iteration   59 to a solution with relative residual    9.892421e-04
 It.:   8 Obj.:  5.33107282e+01 Vol.:1.2000e-01 Sharp.:3.1363e-01 Cons.:-7.68e-08 Ch.:2.00e-01
 It.: 8 (Time)... Total per-It.: 6.00e+00s; Assemb.: 1.20e+00s; CG: 4.61e+00s; Opti.: 7.54e-02s; Filtering: 1.09e-01s.
CG solver converged at iteration   60 to a solution with relative residual    9.182787e-04
 It.:   9 Obj.:  3.48724906e+01 Vol.:1.2000e-01 Sharp.:2.7289e-01 Cons.:-1.03e-07 Ch.:2.00e-01
 It.: 9 (Time)... Total per-It.: 5.77e+00s; Assemb.: 1.41e+00s; CG: 4.16e+00s; Opti.: 8.36e-02s; Filtering: 1.19e-01s.
CG solver converged at iteration   78 to a solution with relative residual    9.037401e-04
 It.:  10 Obj.:  2.23724842e+01 Vol.:1.2000e-01 Sharp.:2.2958e-01 Cons.:-1.59e-07 Ch.:2.00e-01
 It.: 10 (Time)... Total per-It.: 7.18e+00s; Assemb.: 9.78e-01s; CG: 6.00e+00s; Opti.: 8.62e-02s; Filtering: 1.15e-01s.
CG solver converged at iteration   74 to a solution with relative residual    9.616208e-04
 It.:  11 Obj.:  1.53889625e+01 Vol.:1.2000e-01 Sharp.:1.8603e-01 Cons.:-1.60e-07 Ch.:2.00e-01
 It.: 11 (Time)... Total per-It.: 7.50e+00s; Assemb.: 1.48e+00s; CG: 5.81e+00s; Opti.: 8.82e-02s; Filtering: 1.13e-01s.
CG solver converged at iteration   86 to a solution with relative residual    9.948495e-04
 It.:  12 Obj.:  1.17754770e+01 Vol.:1.2000e-01 Sharp.:1.5425e-01 Cons.:-1.95e-07 Ch.:2.00e-01
 It.: 12 (Time)... Total per-It.: 8.15e+00s; Assemb.: 1.61e+00s; CG: 6.34e+00s; Opti.: 8.05e-02s; Filtering: 1.20e-01s.
CG solver converged at iteration   76 to a solution with relative residual    9.246387e-04
 It.:  13 Obj.:  9.80532146e+00 Vol.:1.2000e-01 Sharp.:1.3102e-01 Cons.:-1.95e-07 Ch.:2.00e-01
 It.: 13 (Time)... Total per-It.: 7.95e+00s; Assemb.: 1.60e+00s; CG: 6.14e+00s; Opti.: 8.14e-02s; Filtering: 1.21e-01s.
CG solver converged at iteration   79 to a solution with relative residual    9.763524e-04
 It.:  14 Obj.:  8.75436427e+00 Vol.:1.2000e-01 Sharp.:1.1565e-01 Cons.:-2.04e-07 Ch.:2.00e-01
 It.: 14 (Time)... Total per-It.: 7.91e+00s; Assemb.: 1.46e+00s; CG: 6.22e+00s; Opti.: 9.08e-02s; Filtering: 1.32e-01s.
CG solver converged at iteration   82 to a solution with relative residual    9.023869e-04
 It.:  15 Obj.:  8.13248649e+00 Vol.:1.2000e-01 Sharp.:1.0513e-01 Cons.:-1.86e-07 Ch.:2.00e-01
 It.: 15 (Time)... Total per-It.: 7.08e+00s; Assemb.: 6.29e-01s; CG: 6.26e+00s; Opti.: 8.71e-02s; Filtering: 1.05e-01s.
CG solver converged at iteration   82 to a solution with relative residual    9.907890e-04
 It.:  16 Obj.:  7.75455794e+00 Vol.:1.2000e-01 Sharp.:9.7797e-02 Cons.:-2.04e-07 Ch.:2.00e-01
 It.: 16 (Time)... Total per-It.: 8.02e+00s; Assemb.: 1.27e+00s; CG: 6.56e+00s; Opti.: 7.68e-02s; Filtering: 1.06e-01s.
CG solver converged at iteration   79 to a solution with relative residual    9.840119e-04
 It.:  17 Obj.:  7.50321540e+00 Vol.:1.2000e-01 Sharp.:9.2370e-02 Cons.:-1.95e-07 Ch.:2.00e-01
 It.: 17 (Time)... Total per-It.: 8.15e+00s; Assemb.: 1.56e+00s; CG: 6.40e+00s; Opti.: 8.74e-02s; Filtering: 1.05e-01s.
CG solver converged at iteration   80 to a solution with relative residual    9.318885e-04
 It.:  18 Obj.:  7.32471720e+00 Vol.:1.2000e-01 Sharp.:8.8744e-02 Cons.:-1.71e-07 Ch.:2.00e-01
 It.: 18 (Time)... Total per-It.: 7.45e+00s; Assemb.: 1.20e+00s; CG: 6.04e+00s; Opti.: 9.07e-02s; Filtering: 1.10e-01s.
CG solver converged at iteration   85 to a solution with relative residual    9.319147e-04
 It.:  19 Obj.:  7.20055642e+00 Vol.:1.2000e-01 Sharp.:8.7240e-02 Cons.:-1.74e-07 Ch.:2.00e-01
 It.: 19 (Time)... Total per-It.: 7.92e+00s; Assemb.: 1.21e+00s; CG: 6.51e+00s; Opti.: 7.85e-02s; Filtering: 1.18e-01s.
CG solver converged at iteration   82 to a solution with relative residual    9.516689e-04
 It.:  20 Obj.:  7.13633989e+00 Vol.:1.2000e-01 Sharp.:8.7065e-02 Cons.:-1.55e-07 Ch.:1.78e-01
 It.: 20 (Time)... Total per-It.: 7.39e+00s; Assemb.: 1.09e+00s; CG: 6.13e+00s; Opti.: 6.88e-02s; Filtering: 1.06e-01s.
CG solver converged at iteration   77 to a solution with relative residual    9.823501e-04
 It.:  21 Obj.:  7.10611642e+00 Vol.:1.2000e-01 Sharp.:8.7105e-02 Cons.:-1.62e-07 Ch.:1.53e-01
 It.: 21 (Time)... Total per-It.: 7.65e+00s; Assemb.: 1.24e+00s; CG: 6.21e+00s; Opti.: 8.63e-02s; Filtering: 1.07e-01s.
CG solver converged at iteration   63 to a solution with relative residual    9.444683e-04
 It.:  22 Obj.:  7.08269557e+00 Vol.:1.2000e-01 Sharp.:8.7158e-02 Cons.:-1.50e-07 Ch.:1.37e-01
 It.: 22 (Time)... Total per-It.: 5.72e+00s; Assemb.: 8.08e-01s; CG: 4.70e+00s; Opti.: 9.29e-02s; Filtering: 1.20e-01s.
CG solver converged at iteration   61 to a solution with relative residual    9.626495e-04
 It.:  23 Obj.:  7.06132963e+00 Vol.:1.2000e-01 Sharp.:8.7208e-02 Cons.:-1.51e-07 Ch.:1.38e-01
 It.: 23 (Time)... Total per-It.: 5.43e+00s; Assemb.: 7.15e-01s; CG: 4.52e+00s; Opti.: 8.53e-02s; Filtering: 1.08e-01s.
CG solver converged at iteration   62 to a solution with relative residual    9.385501e-04
 It.:  24 Obj.:  7.04132278e+00 Vol.:1.2000e-01 Sharp.:8.7241e-02 Cons.:-1.71e-07 Ch.:1.31e-01
 It.: 24 (Time)... Total per-It.: 5.34e+00s; Assemb.: 9.58e-01s; CG: 4.17e+00s; Opti.: 8.37e-02s; Filtering: 1.20e-01s.
CG solver converged at iteration   58 to a solution with relative residual    9.926378e-04
 It.:  25 Obj.:  7.02194138e+00 Vol.:1.2000e-01 Sharp.:8.7274e-02 Cons.:-1.70e-07 Ch.:1.30e-01
 It.: 25 (Time)... Total per-It.: 5.77e+00s; Assemb.: 1.21e+00s; CG: 4.38e+00s; Opti.: 8.04e-02s; Filtering: 1.01e-01s.
CG solver converged at iteration   57 to a solution with relative residual    9.827663e-04
 It.:  26 Obj.:  7.00361382e+00 Vol.:1.2000e-01 Sharp.:8.7322e-02 Cons.:-1.69e-07 Ch.:1.18e-01
 It.: 26 (Time)... Total per-It.: 5.37e+00s; Assemb.: 1.41e+00s; CG: 3.77e+00s; Opti.: 6.96e-02s; Filtering: 1.19e-01s.
CG solver converged at iteration   57 to a solution with relative residual    9.824834e-04
 It.:  27 Obj.:  6.98668951e+00 Vol.:1.2000e-01 Sharp.:8.7390e-02 Cons.:-1.63e-07 Ch.:1.23e-01
 It.: 27 (Time)... Total per-It.: 5.50e+00s; Assemb.: 1.57e+00s; CG: 3.73e+00s; Opti.: 7.69e-02s; Filtering: 1.20e-01s.
CG solver converged at iteration   58 to a solution with relative residual    9.816574e-04
 It.:  28 Obj.:  6.97137365e+00 Vol.:1.2000e-01 Sharp.:8.7449e-02 Cons.:-1.50e-07 Ch.:1.18e-01
 It.: 28 (Time)... Total per-It.: 4.78e+00s; Assemb.: 5.88e-01s; CG: 3.97e+00s; Opti.: 7.67e-02s; Filtering: 1.40e-01s.
CG solver converged at iteration   58 to a solution with relative residual    9.512169e-04
 It.:  29 Obj.:  6.95654667e+00 Vol.:1.2000e-01 Sharp.:8.7507e-02 Cons.:-1.60e-07 Ch.:1.18e-01
 It.: 29 (Time)... Total per-It.: 5.43e+00s; Assemb.: 1.45e+00s; CG: 3.79e+00s; Opti.: 8.58e-02s; Filtering: 1.03e-01s.
CG solver converged at iteration   57 to a solution with relative residual    9.602958e-04
 It.:  30 Obj.:  6.94216753e+00 Vol.:1.2000e-01 Sharp.:8.7550e-02 Cons.:-1.73e-07 Ch.:1.19e-01
 It.: 30 (Time)... Total per-It.: 5.55e+00s; Assemb.: 1.44e+00s; CG: 3.91e+00s; Opti.: 8.26e-02s; Filtering: 1.15e-01s.
CG solver converged at iteration   58 to a solution with relative residual    9.817292e-04
 It.:  31 Obj.:  6.92792596e+00 Vol.:1.2000e-01 Sharp.:8.7581e-02 Cons.:-1.75e-07 Ch.:1.15e-01
 It.: 31 (Time)... Total per-It.: 5.83e+00s; Assemb.: 1.68e+00s; CG: 3.94e+00s; Opti.: 7.72e-02s; Filtering: 1.34e-01s.
CG solver converged at iteration   55 to a solution with relative residual    9.130172e-04
 It.:  32 Obj.:  6.91370218e+00 Vol.:1.2000e-01 Sharp.:8.7599e-02 Cons.:-1.79e-07 Ch.:1.14e-01
 It.: 32 (Time)... Total per-It.: 5.25e+00s; Assemb.: 1.26e+00s; CG: 3.79e+00s; Opti.: 8.32e-02s; Filtering: 1.14e-01s.
CG solver converged at iteration   56 to a solution with relative residual    9.812944e-04
 It.:  33 Obj.:  6.89984561e+00 Vol.:1.2000e-01 Sharp.:8.7604e-02 Cons.:-2.09e-07 Ch.:1.16e-01
 It.: 33 (Time)... Total per-It.: 5.00e+00s; Assemb.: 1.01e+00s; CG: 3.78e+00s; Opti.: 8.42e-02s; Filtering: 1.17e-01s.
CG solver converged at iteration   53 to a solution with relative residual    9.876115e-04
 It.:  34 Obj.:  6.88590457e+00 Vol.:1.2000e-01 Sharp.:8.7579e-02 Cons.:-2.27e-07 Ch.:1.11e-01
 It.: 34 (Time)... Total per-It.: 5.46e+00s; Assemb.: 1.35e+00s; CG: 3.92e+00s; Opti.: 7.91e-02s; Filtering: 1.05e-01s.
CG solver converged at iteration   57 to a solution with relative residual    9.761919e-04
 It.:  35 Obj.:  6.87174099e+00 Vol.:1.2000e-01 Sharp.:8.7524e-02 Cons.:-2.42e-07 Ch.:1.12e-01
 It.: 35 (Time)... Total per-It.: 6.76e+00s; Assemb.: 1.65e+00s; CG: 4.91e+00s; Opti.: 8.46e-02s; Filtering: 1.08e-01s.
CG solver converged at iteration   52 to a solution with relative residual    9.992228e-04
 It.:  36 Obj.:  6.85720156e+00 Vol.:1.2000e-01 Sharp.:8.7425e-02 Cons.:-2.48e-07 Ch.:1.11e-01
 It.: 36 (Time)... Total per-It.: 6.12e+00s; Assemb.: 1.66e+00s; CG: 4.25e+00s; Opti.: 9.86e-02s; Filtering: 1.08e-01s.
CG solver converged at iteration   62 to a solution with relative residual    9.386095e-04
 It.:  37 Obj.:  6.84189659e+00 Vol.:1.2000e-01 Sharp.:8.7267e-02 Cons.:-2.63e-07 Ch.:1.10e-01
 It.: 37 (Time)... Total per-It.: 7.35e+00s; Assemb.: 1.34e+00s; CG: 5.83e+00s; Opti.: 8.08e-02s; Filtering: 1.02e-01s.
CG solver converged at iteration   55 to a solution with relative residual    9.639615e-04
 It.:  38 Obj.:  6.82527971e+00 Vol.:1.2000e-01 Sharp.:8.7004e-02 Cons.:-2.32e-07 Ch.:1.11e-01
 It.: 38 (Time)... Total per-It.: 5.60e+00s; Assemb.: 1.11e+00s; CG: 4.30e+00s; Opti.: 7.90e-02s; Filtering: 1.03e-01s.
CG solver converged at iteration   56 to a solution with relative residual    9.365715e-04
 It.:  39 Obj.:  6.80568098e+00 Vol.:1.2000e-01 Sharp.:8.6664e-02 Cons.:-2.23e-07 Ch.:1.26e-01
 It.: 39 (Time)... Total per-It.: 5.62e+00s; Assemb.: 1.01e+00s; CG: 4.40e+00s; Opti.: 8.23e-02s; Filtering: 1.25e-01s.
CG solver converged at iteration   61 to a solution with relative residual    9.454831e-04
 It.:  40 Obj.:  6.78464192e+00 Vol.:1.2000e-01 Sharp.:8.6451e-02 Cons.:-2.21e-07 Ch.:1.07e-01
 It.: 40 (Time)... Total per-It.: 6.53e+00s; Assemb.: 1.12e+00s; CG: 5.22e+00s; Opti.: 6.49e-02s; Filtering: 1.21e-01s.
CG solver converged at iteration   62 to a solution with relative residual    9.113156e-04
 It.:  41 Obj.:  6.76849454e+00 Vol.:1.2000e-01 Sharp.:8.6509e-02 Cons.:-2.36e-07 Ch.:1.07e-01
 It.: 41 (Time)... Total per-It.: 6.07e+00s; Assemb.: 1.26e+00s; CG: 4.62e+00s; Opti.: 8.93e-02s; Filtering: 1.07e-01s.
CG solver converged at iteration   55 to a solution with relative residual    9.859782e-04
 It.:  42 Obj.:  6.75941285e+00 Vol.:1.2000e-01 Sharp.:8.6634e-02 Cons.:-2.59e-07 Ch.:1.04e-01
 It.: 42 (Time)... Total per-It.: 5.53e+00s; Assemb.: 1.34e+00s; CG: 4.00e+00s; Opti.: 7.77e-02s; Filtering: 1.06e-01s.
CG solver converged at iteration   56 to a solution with relative residual    9.335671e-04
 It.:  43 Obj.:  6.75203243e+00 Vol.:1.2000e-01 Sharp.:8.6758e-02 Cons.:-2.31e-07 Ch.:1.03e-01
 It.: 43 (Time)... Total per-It.: 6.87e+00s; Assemb.: 2.22e+00s; CG: 4.43e+00s; Opti.: 8.87e-02s; Filtering: 1.20e-01s.
CG solver converged at iteration   56 to a solution with relative residual    9.287721e-04
 It.:  44 Obj.:  6.74512510e+00 Vol.:1.2000e-01 Sharp.:8.6873e-02 Cons.:-2.04e-07 Ch.:9.97e-02
 It.: 44 (Time)... Total per-It.: 5.72e+00s; Assemb.: 1.56e+00s; CG: 3.96e+00s; Opti.: 7.47e-02s; Filtering: 1.18e-01s.
CG solver converged at iteration   57 to a solution with relative residual    9.764610e-04
 It.:  45 Obj.:  6.73824913e+00 Vol.:1.2000e-01 Sharp.:8.6985e-02 Cons.:-2.09e-07 Ch.:9.96e-02
 It.: 45 (Time)... Total per-It.: 4.71e+00s; Assemb.: 5.78e-01s; CG: 3.95e+00s; Opti.: 7.23e-02s; Filtering: 1.07e-01s.
Launching updater executable
CG solver converged at iteration   58 to a solution with relative residual    9.185819e-04
 It.:  46 Obj.:  6.73153822e+00 Vol.:1.2000e-01 Sharp.:8.7093e-02 Cons.:-1.87e-07 Ch.:9.50e-02
 It.: 46 (Time)... Total per-It.: 5.45e+00s; Assemb.: 9.09e-01s; CG: 4.34e+00s; Opti.: 8.56e-02s; Filtering: 1.14e-01s.
CG solver converged at iteration   58 to a solution with relative residual    9.647899e-04
 It.:  47 Obj.:  6.72496773e+00 Vol.:1.2000e-01 Sharp.:8.7197e-02 Cons.:-1.92e-07 Ch.:9.23e-02
 It.: 47 (Time)... Total per-It.: 7.46e+00s; Assemb.: 2.71e+00s; CG: 4.54e+00s; Opti.: 8.65e-02s; Filtering: 1.15e-01s.
CG solver converged at iteration   56 to a solution with relative residual    9.599313e-04
 It.:  48 Obj.:  6.71859202e+00 Vol.:1.2000e-01 Sharp.:8.7300e-02 Cons.:-2.16e-07 Ch.:9.33e-02
 It.: 48 (Time)... Total per-It.: 7.05e+00s; Assemb.: 2.14e+00s; CG: 4.70e+00s; Opti.: 9.10e-02s; Filtering: 1.10e-01s.
CG solver converged at iteration   57 to a solution with relative residual    9.602427e-04
 It.:  49 Obj.:  6.71238479e+00 Vol.:1.2000e-01 Sharp.:8.7402e-02 Cons.:-1.92e-07 Ch.:9.28e-02
 It.: 49 (Time)... Total per-It.: 7.65e+00s; Assemb.: 2.47e+00s; CG: 4.97e+00s; Opti.: 8.85e-02s; Filtering: 1.14e-01s.
CG solver converged at iteration   58 to a solution with relative residual    9.423313e-04
 It.:  50 Obj.:  6.70633665e+00 Vol.:1.2000e-01 Sharp.:8.7501e-02 Cons.:-2.15e-07 Ch.:8.87e-02
 It.: 50 (Time)... Total per-It.: 6.10e+00s; Assemb.: 1.17e+00s; CG: 4.73e+00s; Opti.: 8.38e-02s; Filtering: 1.18e-01s.
..........Solving FEA Costs: 3.0411e+02s.
..........Optimization (inc. sentivity analysis, update) Costs: 4.1424e+00s.
..........Performing PDE Filtering Costs: 5.7006e+00s.
..........Performing Topology Optimization Costs (in total): 3.2406e+02s.
[Warning: MATLAB has disabled some advanced graphics rendering features by
switching to software OpenGL. For more information, click <a
href="matlab:opengl('problems')">here</a>.] 
Parallel pool using the 'threads' profile is shutting down.
Job completed at Fri Nov  7 09:08:15 EST 2025
