==========================Displaying Inputs==========================
..............................................Volume Fraction: 0.1200
..........................................Filter Radius: 1.7321 Cells
................................................Cell Size: 1.0000e+00
...............................................#MGCG Iterations:  800
.....................................................V-cycle: Adapted
...............................................Non-dyadic Strategy: 1
...........................................Youngs Modulus: 1.0000e+00
....................................Youngs Modulus (Min.): 1.0000e-06
...........................................Poissons Ratio: 3.0000e-01
Preparing Voxel-based FEA Model Costs        0.1s
Mesh Hierarchy...
             #Resolutions         #Elements   #DOFs
...Level 1:  104 x   56 x   56      250000      788103
...Level 2:   26 x   14 x   14        4225       15288
...Level 3:   13 x    7 x    7         637        2688
Starting parallel pool (parpool) using the 'threads' profile ...
Connected to parallel pool with 32 workers.
CG solver converged at iteration   26 to a solution with relative residual    9.240133e-04
Compliance of Fully Solid Domain:     8.003947e-01
 It.:    0 Assembling Time: 8.645430e-01s; Solver Time: 2.261215e+00s.
CG solver converged at iteration   27 to a solution with relative residual    9.184558e-04
 It.:   1 Obj.:  4.62924280e+02 Vol.:1.2000e-01 Sharp.:4.0568e-01 Cons.:1.42e-15 Ch.:2.00e-01
 It.: 1 (Time)... Total per-It.: 3.96e+00s; Assemb.: 1.43e+00s; CG: 2.29e+00s; Opti.: 1.02e-01s; Filtering: 1.35e-01s.
CG solver converged at iteration   41 to a solution with relative residual    9.316013e-04
 It.:   2 Obj.:  2.73888708e+02 Vol.:1.2000e-01 Sharp.:4.0310e-01 Cons.:5.36e-08 Ch.:2.00e-01
 It.: 2 (Time)... Total per-It.: 5.63e+00s; Assemb.: 1.65e+00s; CG: 3.76e+00s; Opti.: 9.55e-02s; Filtering: 1.20e-01s.
CG solver converged at iteration   41 to a solution with relative residual    8.724877e-04
 It.:   3 Obj.:  1.82165450e+02 Vol.:1.2000e-01 Sharp.:3.8992e-01 Cons.:7.06e-08 Ch.:2.00e-01
 It.: 3 (Time)... Total per-It.: 5.91e+00s; Assemb.: 2.02e+00s; CG: 3.64e+00s; Opti.: 1.08e-01s; Filtering: 1.41e-01s.
CG solver converged at iteration   45 to a solution with relative residual    9.669698e-04
 It.:   4 Obj.:  1.47029774e+02 Vol.:1.2000e-01 Sharp.:3.8418e-01 Cons.:7.53e-08 Ch.:2.00e-01
 It.: 4 (Time)... Total per-It.: 6.24e+00s; Assemb.: 1.93e+00s; CG: 4.08e+00s; Opti.: 9.80e-02s; Filtering: 1.25e-01s.
CG solver converged at iteration   48 to a solution with relative residual    9.514414e-04
 It.:   5 Obj.:  1.20022813e+02 Vol.:1.2000e-01 Sharp.:3.6944e-01 Cons.:-1.49e-08 Ch.:2.00e-01
 It.: 5 (Time)... Total per-It.: 6.61e+00s; Assemb.: 2.06e+00s; CG: 4.31e+00s; Opti.: 9.46e-02s; Filtering: 1.43e-01s.
CG solver converged at iteration   55 to a solution with relative residual    9.312478e-04
 It.:   6 Obj.:  9.57821719e+01 Vol.:1.2000e-01 Sharp.:3.6028e-01 Cons.:-5.70e-08 Ch.:2.00e-01
 It.: 6 (Time)... Total per-It.: 6.64e+00s; Assemb.: 1.48e+00s; CG: 4.92e+00s; Opti.: 9.49e-02s; Filtering: 1.46e-01s.
CG solver converged at iteration   58 to a solution with relative residual    8.863856e-04
 It.:   7 Obj.:  7.41509595e+01 Vol.:1.2000e-01 Sharp.:3.4094e-01 Cons.:-1.90e-08 Ch.:2.00e-01
 It.: 7 (Time)... Total per-It.: 7.39e+00s; Assemb.: 2.47e+00s; CG: 4.72e+00s; Opti.: 8.05e-02s; Filtering: 1.19e-01s.
CG solver converged at iteration   59 to a solution with relative residual    9.892421e-04
 It.:   8 Obj.:  5.33107282e+01 Vol.:1.2000e-01 Sharp.:3.1363e-01 Cons.:-7.68e-08 Ch.:2.00e-01
 It.: 8 (Time)... Total per-It.: 7.03e+00s; Assemb.: 1.63e+00s; CG: 5.13e+00s; Opti.: 1.24e-01s; Filtering: 1.42e-01s.
CG solver converged at iteration   60 to a solution with relative residual    9.144169e-04
 It.:   9 Obj.:  3.48724906e+01 Vol.:1.2000e-01 Sharp.:2.7289e-01 Cons.:-1.03e-07 Ch.:2.00e-01
 It.: 9 (Time)... Total per-It.: 7.67e+00s; Assemb.: 2.31e+00s; CG: 5.12e+00s; Opti.: 1.08e-01s; Filtering: 1.36e-01s.
CG solver converged at iteration   78 to a solution with relative residual    9.037406e-04
 It.:  10 Obj.:  2.23724843e+01 Vol.:1.2000e-01 Sharp.:2.2958e-01 Cons.:-1.59e-07 Ch.:2.00e-01
 It.: 10 (Time)... Total per-It.: 9.77e+00s; Assemb.: 2.60e+00s; CG: 6.90e+00s; Opti.: 1.12e-01s; Filtering: 1.51e-01s.
CG solver converged at iteration   74 to a solution with relative residual    9.616238e-04
 It.:  11 Obj.:  1.53889625e+01 Vol.:1.2000e-01 Sharp.:1.8603e-01 Cons.:-1.60e-07 Ch.:2.00e-01
 It.: 11 (Time)... Total per-It.: 8.77e+00s; Assemb.: 1.99e+00s; CG: 6.54e+00s; Opti.: 1.06e-01s; Filtering: 1.30e-01s.
CG solver converged at iteration   86 to a solution with relative residual    9.768391e-04
 It.:  12 Obj.:  1.17754767e+01 Vol.:1.2000e-01 Sharp.:1.5425e-01 Cons.:-1.95e-07 Ch.:2.00e-01
 It.: 12 (Time)... Total per-It.: 1.03e+01s; Assemb.: 2.35e+00s; CG: 7.73e+00s; Opti.: 8.59e-02s; Filtering: 1.18e-01s.
CG solver converged at iteration   76 to a solution with relative residual    9.244636e-04
 It.:  13 Obj.:  9.80532144e+00 Vol.:1.2000e-01 Sharp.:1.3102e-01 Cons.:-1.96e-07 Ch.:2.00e-01
 It.: 13 (Time)... Total per-It.: 8.96e+00s; Assemb.: 1.48e+00s; CG: 7.23e+00s; Opti.: 9.98e-02s; Filtering: 1.45e-01s.
CG solver converged at iteration   79 to a solution with relative residual    9.732567e-04
 It.:  14 Obj.:  8.75436346e+00 Vol.:1.2000e-01 Sharp.:1.1565e-01 Cons.:-2.02e-07 Ch.:2.00e-01
 It.: 14 (Time)... Total per-It.: 8.39e+00s; Assemb.: 1.49e+00s; CG: 6.63e+00s; Opti.: 1.23e-01s; Filtering: 1.36e-01s.
CG solver converged at iteration   82 to a solution with relative residual    9.025441e-04
 It.:  15 Obj.:  8.13248688e+00 Vol.:1.2000e-01 Sharp.:1.0513e-01 Cons.:-1.89e-07 Ch.:2.00e-01
 It.: 15 (Time)... Total per-It.: 9.37e+00s; Assemb.: 1.28e+00s; CG: 7.86e+00s; Opti.: 9.56e-02s; Filtering: 1.29e-01s.
CG solver converged at iteration   82 to a solution with relative residual    9.907405e-04
 It.:  16 Obj.:  7.75455794e+00 Vol.:1.2000e-01 Sharp.:9.7797e-02 Cons.:-2.05e-07 Ch.:2.00e-01
 It.: 16 (Time)... Total per-It.: 9.16e+00s; Assemb.: 1.75e+00s; CG: 7.15e+00s; Opti.: 1.11e-01s; Filtering: 1.45e-01s.
CG solver converged at iteration   79 to a solution with relative residual    9.569313e-04
 It.:  17 Obj.:  7.50321439e+00 Vol.:1.2000e-01 Sharp.:9.2370e-02 Cons.:-1.96e-07 Ch.:2.00e-01
 It.: 17 (Time)... Total per-It.: 8.66e+00s; Assemb.: 1.33e+00s; CG: 7.10e+00s; Opti.: 9.89e-02s; Filtering: 1.21e-01s.
CG solver converged at iteration   80 to a solution with relative residual    9.323873e-04
 It.:  18 Obj.:  7.32471765e+00 Vol.:1.2000e-01 Sharp.:8.8744e-02 Cons.:-1.76e-07 Ch.:2.00e-01
 It.: 18 (Time)... Total per-It.: 8.61e+00s; Assemb.: 1.16e+00s; CG: 7.22e+00s; Opti.: 9.59e-02s; Filtering: 1.27e-01s.
CG solver converged at iteration   84 to a solution with relative residual    9.723204e-04
 It.:  19 Obj.:  7.20055653e+00 Vol.:1.2000e-01 Sharp.:8.7240e-02 Cons.:-1.75e-07 Ch.:2.00e-01
 It.: 19 (Time)... Total per-It.: 8.57e+00s; Assemb.: 1.26e+00s; CG: 7.01e+00s; Opti.: 1.07e-01s; Filtering: 1.81e-01s.
CG solver converged at iteration   82 to a solution with relative residual    9.509872e-04
 It.:  20 Obj.:  7.13634022e+00 Vol.:1.2000e-01 Sharp.:8.7065e-02 Cons.:-1.56e-07 Ch.:1.78e-01
 It.: 20 (Time)... Total per-It.: 8.91e+00s; Assemb.: 1.17e+00s; CG: 7.52e+00s; Opti.: 9.78e-02s; Filtering: 1.30e-01s.
CG solver converged at iteration   77 to a solution with relative residual    9.782040e-04
 It.:  21 Obj.:  7.10611629e+00 Vol.:1.2000e-01 Sharp.:8.7105e-02 Cons.:-1.61e-07 Ch.:1.53e-01
 It.: 21 (Time)... Total per-It.: 8.26e+00s; Assemb.: 1.47e+00s; CG: 6.57e+00s; Opti.: 9.37e-02s; Filtering: 1.23e-01s.
CG solver converged at iteration   63 to a solution with relative residual    9.440196e-04
 It.:  22 Obj.:  7.08269561e+00 Vol.:1.2000e-01 Sharp.:8.7158e-02 Cons.:-1.51e-07 Ch.:1.37e-01
 It.: 22 (Time)... Total per-It.: 7.57e+00s; Assemb.: 1.73e+00s; CG: 5.58e+00s; Opti.: 1.05e-01s; Filtering: 1.48e-01s.
CG solver converged at iteration   61 to a solution with relative residual    9.869381e-04
 It.:  23 Obj.:  7.06132991e+00 Vol.:1.2000e-01 Sharp.:8.7208e-02 Cons.:-1.51e-07 Ch.:1.38e-01
 It.: 23 (Time)... Total per-It.: 6.97e+00s; Assemb.: 1.25e+00s; CG: 5.46e+00s; Opti.: 8.83e-02s; Filtering: 1.66e-01s.
CG solver converged at iteration   62 to a solution with relative residual    9.389868e-04
 It.:  24 Obj.:  7.04132277e+00 Vol.:1.2000e-01 Sharp.:8.7241e-02 Cons.:-1.70e-07 Ch.:1.31e-01
 It.: 24 (Time)... Total per-It.: 8.12e+00s; Assemb.: 2.09e+00s; CG: 5.77e+00s; Opti.: 1.05e-01s; Filtering: 1.46e-01s.
CG solver converged at iteration   59 to a solution with relative residual    9.402473e-04
 It.:  25 Obj.:  7.02194366e+00 Vol.:1.2000e-01 Sharp.:8.7274e-02 Cons.:-1.69e-07 Ch.:1.30e-01
 It.: 25 (Time)... Total per-It.: 7.52e+00s; Assemb.: 1.57e+00s; CG: 5.70e+00s; Opti.: 9.70e-02s; Filtering: 1.40e-01s.
